08:13:30.883 [main] INFO  o.s.c.a.AnnotationConfigApplicationContext - Refreshing org.springframework.context.annotation.AnnotationConfigApplicationContext@7dc5e7b4: startup date [Thu Sep 06 08:13:30 GMT 2018]; root of context hierarchy
08:13:31.683 [background-preinit] INFO  o.h.validator.internal.util.Version - HV000001: Hibernate Validator 5.3.0.Final
08:13:32.313 [main] INFO  o.s.b.f.a.AutowiredAnnotationBeanPostProcessor - JSR-330 'javax.inject.Inject' annotation found and supported for autowiring
08:13:32.494 [main] INFO  o.s.c.s.PostProcessorRegistrationDelegate$BeanPostProcessorChecker - Bean 'configurationPropertiesRebinderAutoConfiguration' of type [class org.springframework.cloud.autoconfigure.ConfigurationPropertiesRebinderAutoConfiguration$$EnhancerBySpringCGLIB$$2c7d34aa] is not eligible for getting processed by all BeanPostProcessors (for example: not eligible for auto-proxying)
08:13:33.932 [main] INFO  o.a.f.c.i.c.IdentityServiceConfig - The following profiles are active: production
08:13:34.058 [main] INFO  o.s.b.c.e.AnnotationConfigEmbeddedWebApplicationContext - Refreshing org.springframework.boot.context.embedded.AnnotationConfigEmbeddedWebApplicationContext@60285225: startup date [Thu Sep 06 08:13:34 GMT 2018]; parent: org.springframework.context.annotation.AnnotationConfigApplicationContext@7dc5e7b4
08:13:38.833 [main] WARN  o.s.c.a.ConfigurationClassPostProcessor - Cannot enhance @Configuration bean definition 'refreshScope' since its singleton instance has been created too early. The typical cause is a non-static @Bean method with a BeanDefinitionRegistryPostProcessor return type: Consider declaring such methods as 'static'.
08:13:39.833 [main] INFO  o.s.cloud.context.scope.GenericScope - BeanFactory id=8f2bad1a-aa0d-3f9b-97fe-4661d2582d43
08:13:39.884 [main] INFO  o.s.b.f.a.AutowiredAnnotationBeanPostProcessor - JSR-330 'javax.inject.Inject' annotation found and supported for autowiring
08:13:40.024 [main] INFO  o.s.c.s.PostProcessorRegistrationDelegate$BeanPostProcessorChecker - Bean 'org.apache.fineract.cn.async.config.AsyncProcessingJavaConfiguration' of type [class org.apache.fineract.cn.async.config.AsyncProcessingJavaConfiguration$$EnhancerBySpringCGLIB$$5568cdec] is not eligible for getting processed by all BeanPostProcessors (for example: not eligible for auto-proxying)
08:13:40.055 [main] INFO  o.s.s.c.ThreadPoolTaskExecutor - Initializing ExecutorService 
08:13:40.487 [main] INFO  o.s.c.s.PostProcessorRegistrationDelegate$BeanPostProcessorChecker - Bean 'org.springframework.cloud.autoconfigure.ConfigurationPropertiesRebinderAutoConfiguration' of type [class org.springframework.cloud.autoconfigure.ConfigurationPropertiesRebinderAutoConfiguration$$EnhancerBySpringCGLIB$$2c7d34aa] is not eligible for getting processed by all BeanPostProcessors (for example: not eligible for auto-proxying)
08:13:41.506 [main] INFO  org.eclipse.jetty.util.log - Logging initialized @16003ms
08:13:41.837 [main] INFO  o.s.b.c.e.j.JettyEmbeddedServletContainerFactory - Server initialized with port: 2021
08:13:41.852 [main] INFO  org.eclipse.jetty.server.Server - jetty-9.3.11.v20160721
08:13:42.304 [main] INFO  application - Initializing Spring embedded WebApplicationContext
08:13:42.304 [main] INFO  o.s.web.context.ContextLoader - Root WebApplicationContext: initialization completed in 8246 ms
08:13:45.506 [main] INFO  anubis-logger - System Key registered for timestamp: 2018-09-06T08_13_44
08:13:45.870 [main] INFO  cassandra-logger - Create new session for keyspace [seshat].
08:13:46.951 [main] INFO  c.datastax.driver.core.ClockFactory - Using native clock to generate timestamps.
08:13:47.357 [main] WARN  com.datastax.driver.core.NettyUtil - Found Netty's native epoll transport in the classpath, but epoll is not available. Using NIO instead.
java.lang.UnsatisfiedLinkError: no netty-transport-native-epoll in java.library.path
	at java.lang.ClassLoader.loadLibrary(ClassLoader.java:1867)
	at java.lang.Runtime.loadLibrary0(Runtime.java:870)
	at java.lang.System.loadLibrary(System.java:1122)
	at io.netty.util.internal.NativeLibraryLoader.load(NativeLibraryLoader.java:189)
	at io.netty.channel.epoll.Native.<clinit>(Native.java:49)
	at io.netty.channel.epoll.Epoll.<clinit>(Epoll.java:30)
	at java.lang.Class.forName0(Native Method)
	at java.lang.Class.forName(Class.java:264)
	at com.datastax.driver.core.NettyUtil.<clinit>(NettyUtil.java:68)
	at com.datastax.driver.core.NettyOptions.eventLoopGroup(NettyOptions.java:99)
	at com.datastax.driver.core.Connection$Factory.<init>(Connection.java:769)
	at com.datastax.driver.core.Cluster$Manager.init(Cluster.java:1400)
	at com.datastax.driver.core.Cluster.init(Cluster.java:159)
	at com.datastax.driver.core.Cluster.connectAsync(Cluster.java:330)
	at com.datastax.driver.core.Cluster.connect(Cluster.java:280)
	at org.apache.fineract.cn.cassandra.core.CassandraSessionProvider.lambda$getSession$2(CassandraSessionProvider.java:150)
	at java.util.concurrent.ConcurrentHashMap.computeIfAbsent(ConcurrentHashMap.java:1660)
	at org.apache.fineract.cn.cassandra.core.CassandraSessionProvider.getSession(CassandraSessionProvider.java:143)
	at org.apache.fineract.cn.cassandra.core.CassandraSessionProvider.getAdminSession(CassandraSessionProvider.java:94)
	at org.apache.fineract.cn.cassandra.core.CassandraSessionProvider.touchAdminSession(CassandraSessionProvider.java:193)
	at org.apache.fineract.cn.cassandra.config.CassandraConnectorConfiguration.cassandraSessionProvider(CassandraConnectorConfiguration.java:69)
	at org.apache.fineract.cn.cassandra.config.CassandraConnectorConfiguration$$EnhancerBySpringCGLIB$$131bfa22.CGLIB$cassandraSessionProvider$2(<generated>)
	at org.apache.fineract.cn.cassandra.config.CassandraConnectorConfiguration$$EnhancerBySpringCGLIB$$131bfa22$$FastClassBySpringCGLIB$$6e7eb5d7.invoke(<generated>)
	at org.springframework.cglib.proxy.MethodProxy.invokeSuper(MethodProxy.java:228)
	at org.springframework.context.annotation.ConfigurationClassEnhancer$BeanMethodInterceptor.intercept(ConfigurationClassEnhancer.java:356)
	at org.apache.fineract.cn.cassandra.config.CassandraConnectorConfiguration$$EnhancerBySpringCGLIB$$131bfa22.cassandraSessionProvider(<generated>)
	at sun.reflect.NativeMethodAccessorImpl.invoke0(Native Method)
	at sun.reflect.NativeMethodAccessorImpl.invoke(NativeMethodAccessorImpl.java:62)
	at sun.reflect.DelegatingMethodAccessorImpl.invoke(DelegatingMethodAccessorImpl.java:43)
	at java.lang.reflect.Method.invoke(Method.java:498)
	at org.springframework.beans.factory.support.SimpleInstantiationStrategy.instantiate(SimpleInstantiationStrategy.java:162)
	at org.springframework.beans.factory.support.ConstructorResolver.instantiateUsingFactoryMethod(ConstructorResolver.java:588)
	at org.springframework.beans.factory.support.AbstractAutowireCapableBeanFactory.instantiateUsingFactoryMethod(AbstractAutowireCapableBeanFactory.java:1128)
	at org.springframework.beans.factory.support.AbstractAutowireCapableBeanFactory.createBeanInstance(AbstractAutowireCapableBeanFactory.java:1023)
	at org.springframework.beans.factory.support.AbstractAutowireCapableBeanFactory.doCreateBean(AbstractAutowireCapableBeanFactory.java:510)
	at org.springframework.beans.factory.support.AbstractAutowireCapableBeanFactory.createBean(AbstractAutowireCapableBeanFactory.java:482)
	at org.springframework.beans.factory.support.AbstractBeanFactory$1.getObject(AbstractBeanFactory.java:306)
	at org.springframework.beans.factory.support.DefaultSingletonBeanRegistry.getSingleton(DefaultSingletonBeanRegistry.java:230)
	at org.springframework.beans.factory.support.AbstractBeanFactory.doGetBean(AbstractBeanFactory.java:302)
	at org.springframework.beans.factory.support.AbstractBeanFactory.getBean(AbstractBeanFactory.java:202)
	at org.springframework.beans.factory.config.DependencyDescriptor.resolveCandidate(DependencyDescriptor.java:207)
	at org.springframework.beans.factory.support.DefaultListableBeanFactory.doResolveDependency(DefaultListableBeanFactory.java:1128)
	at org.springframework.beans.factory.support.DefaultListableBeanFactory.resolveDependency(DefaultListableBeanFactory.java:1056)
	at org.springframework.beans.factory.support.ConstructorResolver.resolveAutowiredArgument(ConstructorResolver.java:835)
	at org.springframework.beans.factory.support.ConstructorResolver.createArgumentArray(ConstructorResolver.java:741)
	at org.springframework.beans.factory.support.ConstructorResolver.autowireConstructor(ConstructorResolver.java:189)
	at org.springframework.beans.factory.support.AbstractAutowireCapableBeanFactory.autowireConstructor(AbstractAutowireCapableBeanFactory.java:1148)
	at org.springframework.beans.factory.support.AbstractAutowireCapableBeanFactory.createBeanInstance(AbstractAutowireCapableBeanFactory.java:1051)
	at org.springframework.beans.factory.support.AbstractAutowireCapableBeanFactory.doCreateBean(AbstractAutowireCapableBeanFactory.java:510)
	at org.springframework.beans.factory.support.AbstractAutowireCapableBeanFactory.createBean(AbstractAutowireCapableBeanFactory.java:482)
	at org.springframework.beans.factory.support.AbstractBeanFactory$1.getObject(AbstractBeanFactory.java:306)
	at org.springframework.beans.factory.support.DefaultSingletonBeanRegistry.getSingleton(DefaultSingletonBeanRegistry.java:230)
	at org.springframework.beans.factory.support.AbstractBeanFactory.doGetBean(AbstractBeanFactory.java:302)
	at org.springframework.beans.factory.support.AbstractBeanFactory.getBean(AbstractBeanFactory.java:202)
	at org.springframework.beans.factory.config.DependencyDescriptor.resolveCandidate(DependencyDescriptor.java:207)
	at org.springframework.beans.factory.support.DefaultListableBeanFactory.doResolveDependency(DefaultListableBeanFactory.java:1128)
	at org.springframework.beans.factory.support.DefaultListableBeanFactory.resolveDependency(DefaultListableBeanFactory.java:1056)
	at org.springframework.beans.factory.support.ConstructorResolver.resolveAutowiredArgument(ConstructorResolver.java:835)
	at org.springframework.beans.factory.support.ConstructorResolver.createArgumentArray(ConstructorResolver.java:741)
	at org.springframework.beans.factory.support.ConstructorResolver.autowireConstructor(ConstructorResolver.java:189)
	at org.springframework.beans.factory.support.AbstractAutowireCapableBeanFactory.autowireConstructor(AbstractAutowireCapableBeanFactory.java:1148)
	at org.springframework.beans.factory.support.AbstractAutowireCapableBeanFactory.createBeanInstance(AbstractAutowireCapableBeanFactory.java:1051)
	at org.springframework.beans.factory.support.AbstractAutowireCapableBeanFactory.doCreateBean(AbstractAutowireCapableBeanFactory.java:510)
	at org.springframework.beans.factory.support.AbstractAutowireCapableBeanFactory.createBean(AbstractAutowireCapableBeanFactory.java:482)
	at org.springframework.beans.factory.support.AbstractBeanFactory$1.getObject(AbstractBeanFactory.java:306)
	at org.springframework.beans.factory.support.DefaultSingletonBeanRegistry.getSingleton(DefaultSingletonBeanRegistry.java:230)
	at org.springframework.beans.factory.support.AbstractBeanFactory.doGetBean(AbstractBeanFactory.java:302)
	at org.springframework.beans.factory.support.AbstractBeanFactory.getBean(AbstractBeanFactory.java:202)
	at org.springframework.beans.factory.config.DependencyDescriptor.resolveCandidate(DependencyDescriptor.java:207)
	at org.springframework.beans.factory.support.DefaultListableBeanFactory.doResolveDependency(DefaultListableBeanFactory.java:1128)
	at org.springframework.beans.factory.support.DefaultListableBeanFactory.resolveDependency(DefaultListableBeanFactory.java:1056)
	at org.springframework.beans.factory.support.ConstructorResolver.resolveAutowiredArgument(ConstructorResolver.java:835)
	at org.springframework.beans.factory.support.ConstructorResolver.createArgumentArray(ConstructorResolver.java:741)
	at org.springframework.beans.factory.support.ConstructorResolver.autowireConstructor(ConstructorResolver.java:189)
	at org.springframework.beans.factory.support.AbstractAutowireCapableBeanFactory.autowireConstructor(AbstractAutowireCapableBeanFactory.java:1148)
	at org.springframework.beans.factory.support.AbstractAutowireCapableBeanFactory.createBeanInstance(AbstractAutowireCapableBeanFactory.java:1051)
	at org.springframework.beans.factory.support.AbstractAutowireCapableBeanFactory.doCreateBean(AbstractAutowireCapableBeanFactory.java:510)
	at org.springframework.beans.factory.support.AbstractAutowireCapableBeanFactory.createBean(AbstractAutowireCapableBeanFactory.java:482)
	at org.springframework.beans.factory.support.AbstractBeanFactory$1.getObject(AbstractBeanFactory.java:306)
	at org.springframework.beans.factory.support.DefaultSingletonBeanRegistry.getSingleton(DefaultSingletonBeanRegistry.java:230)
	at org.springframework.beans.factory.support.AbstractBeanFactory.doGetBean(AbstractBeanFactory.java:302)
	at org.springframework.beans.factory.support.AbstractBeanFactory.getBean(AbstractBeanFactory.java:202)
	at org.springframework.beans.factory.config.DependencyDescriptor.resolveCandidate(DependencyDescriptor.java:207)
	at org.springframework.beans.factory.support.DefaultListableBeanFactory.doResolveDependency(DefaultListableBeanFactory.java:1128)
	at org.springframework.beans.factory.support.DefaultListableBeanFactory.resolveDependency(DefaultListableBeanFactory.java:1056)
	at org.springframework.beans.factory.support.ConstructorResolver.resolveAutowiredArgument(ConstructorResolver.java:835)
	at org.springframework.beans.factory.support.ConstructorResolver.createArgumentArray(ConstructorResolver.java:741)
	at org.springframework.beans.factory.support.ConstructorResolver.autowireConstructor(ConstructorResolver.java:189)
	at org.springframework.beans.factory.support.AbstractAutowireCapableBeanFactory.autowireConstructor(AbstractAutowireCapableBeanFactory.java:1148)
	at org.springframework.beans.factory.support.AbstractAutowireCapableBeanFactory.createBeanInstance(AbstractAutowireCapableBeanFactory.java:1051)
	at org.springframework.beans.factory.support.AbstractAutowireCapableBeanFactory.doCreateBean(AbstractAutowireCapableBeanFactory.java:510)
	at org.springframework.beans.factory.support.AbstractAutowireCapableBeanFactory.createBean(AbstractAutowireCapableBeanFactory.java:482)
	at org.springframework.beans.factory.support.AbstractBeanFactory$1.getObject(AbstractBeanFactory.java:306)
	at org.springframework.beans.factory.support.DefaultSingletonBeanRegistry.getSingleton(DefaultSingletonBeanRegistry.java:230)
	at org.springframework.beans.factory.support.AbstractBeanFactory.doGetBean(AbstractBeanFactory.java:302)
	at org.springframework.beans.factory.support.AbstractBeanFactory.getBean(AbstractBeanFactory.java:202)
	at org.springframework.beans.factory.config.DependencyDescriptor.resolveCandidate(DependencyDescriptor.java:207)
	at org.springframework.beans.factory.support.DefaultListableBeanFactory.doResolveDependency(DefaultListableBeanFactory.java:1128)
	at org.springframework.beans.factory.support.DefaultListableBeanFactory.resolveDependency(DefaultListableBeanFactory.java:1056)
	at org.springframework.beans.factory.annotation.AutowiredAnnotationBeanPostProcessor$AutowiredMethodElement.inject(AutowiredAnnotationBeanPostProcessor.java:640)
	at org.springframework.beans.factory.annotation.InjectionMetadata.inject(InjectionMetadata.java:88)
	at org.springframework.beans.factory.annotation.AutowiredAnnotationBeanPostProcessor.postProcessPropertyValues(AutowiredAnnotationBeanPostProcessor.java:349)
	at org.springframework.beans.factory.support.AbstractAutowireCapableBeanFactory.populateBean(AbstractAutowireCapableBeanFactory.java:1219)
	at org.springframework.beans.factory.support.AbstractAutowireCapableBeanFactory.doCreateBean(AbstractAutowireCapableBeanFactory.java:543)
	at org.springframework.beans.factory.support.AbstractAutowireCapableBeanFactory.createBean(AbstractAutowireCapableBeanFactory.java:482)
	at org.springframework.beans.factory.support.AbstractBeanFactory$1.getObject(AbstractBeanFactory.java:306)
	at org.springframework.beans.factory.support.DefaultSingletonBeanRegistry.getSingleton(DefaultSingletonBeanRegistry.java:230)
	at org.springframework.beans.factory.support.AbstractBeanFactory.doGetBean(AbstractBeanFactory.java:302)
	at org.springframework.beans.factory.support.AbstractBeanFactory.getBean(AbstractBeanFactory.java:197)
	at org.springframework.beans.factory.support.ConstructorResolver.instantiateUsingFactoryMethod(ConstructorResolver.java:372)
	at org.springframework.beans.factory.support.AbstractAutowireCapableBeanFactory.instantiateUsingFactoryMethod(AbstractAutowireCapableBeanFactory.java:1128)
	at org.springframework.beans.factory.support.AbstractAutowireCapableBeanFactory.createBeanInstance(AbstractAutowireCapableBeanFactory.java:1023)
	at org.springframework.beans.factory.support.AbstractAutowireCapableBeanFactory.doCreateBean(AbstractAutowireCapableBeanFactory.java:510)
	at org.springframework.beans.factory.support.AbstractAutowireCapableBeanFactory.createBean(AbstractAutowireCapableBeanFactory.java:482)
	at org.springframework.beans.factory.support.AbstractBeanFactory$1.getObject(AbstractBeanFactory.java:306)
	at org.springframework.beans.factory.support.DefaultSingletonBeanRegistry.getSingleton(DefaultSingletonBeanRegistry.java:230)
	at org.springframework.beans.factory.support.AbstractBeanFactory.doGetBean(AbstractBeanFactory.java:302)
	at org.springframework.beans.factory.support.AbstractBeanFactory.getBean(AbstractBeanFactory.java:202)
	at org.springframework.boot.web.servlet.ServletContextInitializerBeans.getOrderedBeansOfType(ServletContextInitializerBeans.java:233)
	at org.springframework.boot.web.servlet.ServletContextInitializerBeans.getOrderedBeansOfType(ServletContextInitializerBeans.java:214)
	at org.springframework.boot.web.servlet.ServletContextInitializerBeans.addServletContextInitializerBeans(ServletContextInitializerBeans.java:90)
	at org.springframework.boot.web.servlet.ServletContextInitializerBeans.<init>(ServletContextInitializerBeans.java:78)
	at org.springframework.boot.context.embedded.EmbeddedWebApplicationContext.getServletContextInitializerBeans(EmbeddedWebApplicationContext.java:241)
	at org.springframework.boot.context.embedded.EmbeddedWebApplicationContext.selfInitialize(EmbeddedWebApplicationContext.java:228)
	at org.springframework.boot.context.embedded.EmbeddedWebApplicationContext.access$000(EmbeddedWebApplicationContext.java:89)
	at org.springframework.boot.context.embedded.EmbeddedWebApplicationContext$1.onStartup(EmbeddedWebApplicationContext.java:213)
	at org.springframework.boot.context.embedded.jetty.ServletContextInitializerConfiguration$Initializer.callInitializers(ServletContextInitializerConfiguration.java:83)
	at org.springframework.boot.context.embedded.jetty.ServletContextInitializerConfiguration$Initializer.doStart(ServletContextInitializerConfiguration.java:72)
	at org.eclipse.jetty.util.component.AbstractLifeCycle.start(AbstractLifeCycle.java:68)
	at org.eclipse.jetty.util.component.ContainerLifeCycle.start(ContainerLifeCycle.java:132)
	at org.eclipse.jetty.util.component.ContainerLifeCycle.doStart(ContainerLifeCycle.java:106)
	at org.eclipse.jetty.server.handler.AbstractHandler.doStart(AbstractHandler.java:61)
	at org.eclipse.jetty.server.handler.ScopedHandler.doStart(ScopedHandler.java:120)
	at org.eclipse.jetty.server.handler.ContextHandler.startContext(ContextHandler.java:809)
	at org.eclipse.jetty.servlet.ServletContextHandler.startContext(ServletContextHandler.java:345)
	at org.eclipse.jetty.webapp.WebAppContext.startWebapp(WebAppContext.java:1404)
	at org.eclipse.jetty.webapp.WebAppContext.startContext(WebAppContext.java:1366)
	at org.eclipse.jetty.server.handler.ContextHandler.doStart(ContextHandler.java:778)
	at org.eclipse.jetty.servlet.ServletContextHandler.doStart(ServletContextHandler.java:262)
	at org.eclipse.jetty.webapp.WebAppContext.doStart(WebAppContext.java:520)
	at org.eclipse.jetty.util.component.AbstractLifeCycle.start(AbstractLifeCycle.java:68)
	at org.eclipse.jetty.util.component.ContainerLifeCycle.start(ContainerLifeCycle.java:132)
	at org.eclipse.jetty.server.Server.start(Server.java:411)
	at org.eclipse.jetty.util.component.ContainerLifeCycle.doStart(ContainerLifeCycle.java:106)
	at org.eclipse.jetty.server.handler.AbstractHandler.doStart(AbstractHandler.java:61)
	at org.eclipse.jetty.server.Server.doStart(Server.java:378)
	at org.eclipse.jetty.util.component.AbstractLifeCycle.start(AbstractLifeCycle.java:68)
	at org.springframework.boot.context.embedded.jetty.JettyEmbeddedServletContainer.initialize(JettyEmbeddedServletContainer.java:91)
	at org.springframework.boot.context.embedded.jetty.JettyEmbeddedServletContainer.<init>(JettyEmbeddedServletContainer.java:79)
	at org.springframework.boot.context.embedded.jetty.JettyEmbeddedServletContainerFactory.getJettyEmbeddedServletContainer(JettyEmbeddedServletContainerFactory.java:540)
	at org.springframework.boot.context.embedded.jetty.JettyEmbeddedServletContainerFactory.getEmbeddedServletContainer(JettyEmbeddedServletContainerFactory.java:185)
	at org.springframework.boot.context.embedded.EmbeddedWebApplicationContext.createEmbeddedServletContainer(EmbeddedWebApplicationContext.java:164)
	at org.springframework.boot.context.embedded.EmbeddedWebApplicationContext.onRefresh(EmbeddedWebApplicationContext.java:134)
	at org.springframework.context.support.AbstractApplicationContext.refresh(AbstractApplicationContext.java:535)
	at org.springframework.boot.context.embedded.EmbeddedWebApplicationContext.refresh(EmbeddedWebApplicationContext.java:122)
	at org.springframework.boot.SpringApplication.refresh(SpringApplication.java:761)
	at org.springframework.boot.SpringApplication.refreshContext(SpringApplication.java:371)
	at org.springframework.boot.SpringApplication.run(SpringApplication.java:315)
	at org.springframework.boot.SpringApplication.run(SpringApplication.java:1186)
	at org.springframework.boot.SpringApplication.run(SpringApplication.java:1175)
	at org.apache.fineract.cn.identity.config.IdentityServiceConfig.main(IdentityServiceConfig.java:85)
	at sun.reflect.NativeMethodAccessorImpl.invoke0(Native Method)
	at sun.reflect.NativeMethodAccessorImpl.invoke(NativeMethodAccessorImpl.java:62)
	at sun.reflect.DelegatingMethodAccessorImpl.invoke(DelegatingMethodAccessorImpl.java:43)
	at java.lang.reflect.Method.invoke(Method.java:498)
	at org.springframework.boot.loader.MainMethodRunner.run(MainMethodRunner.java:48)
	at org.springframework.boot.loader.Launcher.launch(Launcher.java:87)
	at org.springframework.boot.loader.Launcher.launch(Launcher.java:50)
	at org.springframework.boot.loader.JarLauncher.main(JarLauncher.java:58)
08:13:49.350 [main] INFO  c.d.d.c.p.DCAwareRoundRobinPolicy - Using data-center name 'datacenter1' for DCAwareRoundRobinPolicy (if this is incorrect, please provide the correct datacenter name with DCAwareRoundRobinPolicy constructor)
08:13:49.363 [main] INFO  com.datastax.driver.core.Cluster - New Cassandra host /35.231.169.122:9042 added
08:13:50.403 [main] INFO  o.s.w.s.m.m.a.RequestMappingHandlerMapping - Mapped "{[/applications/{applicationidentifier}/callendpointset],methods=[POST],consumes=[*/*],produces=[application/json]}" onto public org.springframework.http.ResponseEntity<java.lang.Void> org.apache.fineract.cn.identity.rest.ApplicationCallEndpointSetRestController.createApplicationCallEndpointSet(java.lang.String,org.apache.fineract.cn.identity.api.v1.domain.CallEndpointSet)
08:13:50.409 [main] INFO  o.s.w.s.m.m.a.RequestMappingHandlerMapping - Mapped "{[/applications/{applicationidentifier}/callendpointset/{callendpointsetidentifier}],methods=[PUT],consumes=[*/*],produces=[application/json]}" onto public org.springframework.http.ResponseEntity<java.lang.Void> org.apache.fineract.cn.identity.rest.ApplicationCallEndpointSetRestController.changeApplicationCallEndpointSet(java.lang.String,java.lang.String,org.apache.fineract.cn.identity.api.v1.domain.CallEndpointSet)
08:13:50.410 [main] INFO  o.s.w.s.m.m.a.RequestMappingHandlerMapping - Mapped "{[/applications/{applicationidentifier}/callendpointset/{callendpointsetidentifier}],methods=[GET],consumes=[*/*],produces=[application/json]}" onto public org.springframework.http.ResponseEntity<org.apache.fineract.cn.identity.api.v1.domain.CallEndpointSet> org.apache.fineract.cn.identity.rest.ApplicationCallEndpointSetRestController.getApplicationCallEndpointSet(java.lang.String,java.lang.String)
08:13:50.410 [main] INFO  o.s.w.s.m.m.a.RequestMappingHandlerMapping - Mapped "{[/applications/{applicationidentifier}/callendpointset],methods=[GET],consumes=[*/*],produces=[application/json]}" onto public org.springframework.http.ResponseEntity<java.util.List<org.apache.fineract.cn.identity.api.v1.domain.CallEndpointSet>> org.apache.fineract.cn.identity.rest.ApplicationCallEndpointSetRestController.getApplicationCallEndpointSets(java.lang.String)
08:13:50.412 [main] INFO  o.s.w.s.m.m.a.RequestMappingHandlerMapping - Mapped "{[/applications/{applicationidentifier}/callendpointset/{callendpointsetidentifier}],methods=[DELETE],consumes=[*/*],produces=[application/json]}" onto public org.springframework.http.ResponseEntity<java.lang.Void> org.apache.fineract.cn.identity.rest.ApplicationCallEndpointSetRestController.deleteApplicationCallEndpointSet(java.lang.String,java.lang.String)
08:13:50.416 [main] INFO  o.s.w.s.m.m.a.RequestMappingHandlerMapping - Mapped "{[/signatures],methods=[POST],consumes=[*/*],produces=[application/json]}" onto public org.springframework.http.ResponseEntity<org.apache.fineract.cn.anubis.api.v1.domain.ApplicationSignatureSet> org.apache.fineract.cn.identity.rest.InitializeRestController.createSignatureSet()
08:13:50.417 [main] INFO  o.s.w.s.m.m.a.RequestMappingHandlerMapping - Mapped "{[/initialize],methods=[POST],consumes=[*/*],produces=[application/json]}" onto public org.springframework.http.ResponseEntity<org.apache.fineract.cn.anubis.api.v1.domain.ApplicationSignatureSet> org.apache.fineract.cn.identity.rest.InitializeRestController.initializeTenant(java.lang.String)
08:13:50.423 [main] INFO  o.s.w.s.m.m.a.RequestMappingHandlerMapping - Mapped "{[/applications/{applicationidentifier}/permissions/{permissionidentifier}/users/{useridentifier}/enabled],methods=[PUT],consumes=[*/*],produces=[application/json]}" onto public org.springframework.http.ResponseEntity<java.lang.Void> org.apache.fineract.cn.identity.rest.ApplicationPermissionUserRestController.setApplicationPermissionEnabledForUser(java.lang.String,java.lang.String,java.lang.String,java.lang.Boolean)
08:13:50.425 [main] INFO  o.s.w.s.m.m.a.RequestMappingHandlerMapping - Mapped "{[/applications/{applicationidentifier}/permissions/{permissionidentifier}/users/{useridentifier}/enabled],methods=[GET],consumes=[application/json],produces=[application/json]}" onto public org.springframework.http.ResponseEntity<java.lang.Boolean> org.apache.fineract.cn.identity.rest.ApplicationPermissionUserRestController.getApplicationPermissionEnabledForUser(java.lang.String,java.lang.String,java.lang.String)
08:13:50.436 [main] INFO  o.s.w.s.m.m.a.RequestMappingHandlerMapping - Mapped "{[/permittablegroups],methods=[GET],consumes=[*/*],produces=[application/json]}" onto public java.util.List<org.apache.fineract.cn.identity.api.v1.domain.PermittableGroup> org.apache.fineract.cn.identity.rest.PermittableGroupRestController.findAll()
08:13:50.442 [main] INFO  o.s.w.s.m.m.a.RequestMappingHandlerMapping - Mapped "{[/permittablegroups/{identifier}],methods=[GET],consumes=[*/*],produces=[application/json]}" onto public org.springframework.http.ResponseEntity<org.apache.fineract.cn.identity.api.v1.domain.PermittableGroup> org.apache.fineract.cn.identity.rest.PermittableGroupRestController.get(java.lang.String)
08:13:50.443 [main] INFO  o.s.w.s.m.m.a.RequestMappingHandlerMapping - Mapped "{[/permittablegroups],methods=[POST],consumes=[application/json],produces=[application/json]}" onto public org.springframework.http.ResponseEntity<java.lang.Void> org.apache.fineract.cn.identity.rest.PermittableGroupRestController.create(org.apache.fineract.cn.identity.api.v1.domain.PermittableGroup)
08:13:50.463 [main] INFO  o.s.w.s.m.m.a.RequestMappingHandlerMapping - Mapped "{[/roles],methods=[GET],consumes=[*/*],produces=[application/json]}" onto public java.util.List<org.apache.fineract.cn.identity.api.v1.domain.Role> org.apache.fineract.cn.identity.rest.RoleRestController.findAll()
08:13:50.465 [main] INFO  o.s.w.s.m.m.a.RequestMappingHandlerMapping - Mapped "{[/roles/{identifier}],methods=[PUT],consumes=[application/json],produces=[application/json]}" onto public org.springframework.http.ResponseEntity<java.lang.Void> org.apache.fineract.cn.identity.rest.RoleRestController.change(java.lang.String,org.apache.fineract.cn.identity.api.v1.domain.Role)
08:13:50.466 [main] INFO  o.s.w.s.m.m.a.RequestMappingHandlerMapping - Mapped "{[/roles/{identifier}],methods=[GET],consumes=[*/*],produces=[application/json]}" onto public org.springframework.http.ResponseEntity<org.apache.fineract.cn.identity.api.v1.domain.Role> org.apache.fineract.cn.identity.rest.RoleRestController.get(java.lang.String)
08:13:50.466 [main] INFO  o.s.w.s.m.m.a.RequestMappingHandlerMapping - Mapped "{[/roles/{identifier}],methods=[DELETE],consumes=[*/*],produces=[application/json]}" onto public org.springframework.http.ResponseEntity<java.lang.Void> org.apache.fineract.cn.identity.rest.RoleRestController.delete(java.lang.String)
08:13:50.467 [main] INFO  o.s.w.s.m.m.a.RequestMappingHandlerMapping - Mapped "{[/roles],methods=[POST],consumes=[application/json],produces=[application/json]}" onto public org.springframework.http.ResponseEntity<java.lang.Void> org.apache.fineract.cn.identity.rest.RoleRestController.create(org.apache.fineract.cn.identity.api.v1.domain.Role)
08:13:50.473 [main] INFO  o.s.w.s.m.m.a.RequestMappingHandlerMapping - Mapped "{[/token/_current],methods=[DELETE],consumes=[*/*],produces=[application/json]}" onto org.springframework.http.ResponseEntity<java.lang.Void> org.apache.fineract.cn.identity.rest.AuthorizationRestController.logout(javax.servlet.http.HttpServletResponse,javax.servlet.http.HttpServletRequest)
08:13:50.477 [main] INFO  o.s.w.s.m.m.a.RequestMappingHandlerMapping - Mapped "{[/token],methods=[POST],consumes=[*/*],produces=[application/json]}" onto public org.springframework.http.ResponseEntity<org.apache.fineract.cn.identity.api.v1.domain.Authentication> org.apache.fineract.cn.identity.rest.AuthorizationRestController.authenticate(javax.servlet.http.HttpServletResponse,javax.servlet.http.HttpServletRequest,java.lang.String,java.lang.String,java.lang.String,java.lang.String) throws java.lang.InterruptedException
08:13:50.490 [main] INFO  o.s.w.s.m.m.a.RequestMappingHandlerMapping - Mapped "{[/users/{identifier}/roleIdentifier],methods=[PUT],consumes=[application/json],produces=[application/json]}" onto public org.springframework.http.ResponseEntity<java.lang.Void> org.apache.fineract.cn.identity.rest.UserRestController.changeUserRole(java.lang.String,org.apache.fineract.cn.identity.api.v1.domain.RoleIdentifier)
08:13:50.492 [main] INFO  o.s.w.s.m.m.a.RequestMappingHandlerMapping - Mapped "{[/users/{identifier}/permissions],methods=[GET],consumes=[*/*],produces=[application/json]}" onto java.util.Set<org.apache.fineract.cn.identity.api.v1.domain.Permission> org.apache.fineract.cn.identity.rest.UserRestController.getUserPermissions(java.lang.String)
08:13:50.494 [main] INFO  o.s.w.s.m.m.a.RequestMappingHandlerMapping - Mapped "{[/users],methods=[GET],consumes=[*/*],produces=[application/json]}" onto public java.util.List<org.apache.fineract.cn.identity.api.v1.domain.User> org.apache.fineract.cn.identity.rest.UserRestController.findAll()
08:13:50.495 [main] INFO  o.s.w.s.m.m.a.RequestMappingHandlerMapping - Mapped "{[/users/{identifier}/password],methods=[PUT],consumes=[application/json],produces=[application/json]}" onto public org.springframework.http.ResponseEntity<java.lang.Void> org.apache.fineract.cn.identity.rest.UserRestController.changeUserPassword(java.lang.String,org.apache.fineract.cn.identity.api.v1.domain.Password)
08:13:50.499 [main] INFO  o.s.w.s.m.m.a.RequestMappingHandlerMapping - Mapped "{[/users/{identifier}],methods=[GET],consumes=[*/*],produces=[application/json]}" onto public org.springframework.http.ResponseEntity<org.apache.fineract.cn.identity.api.v1.domain.User> org.apache.fineract.cn.identity.rest.UserRestController.get(java.lang.String)
08:13:50.500 [main] INFO  o.s.w.s.m.m.a.RequestMappingHandlerMapping - Mapped "{[/users],methods=[POST],consumes=[application/json],produces=[application/json]}" onto public org.springframework.http.ResponseEntity<java.lang.Void> org.apache.fineract.cn.identity.rest.UserRestController.create(org.apache.fineract.cn.identity.api.v1.domain.UserWithPassword)
08:13:50.509 [main] INFO  o.s.w.s.m.m.a.RequestMappingHandlerMapping - Mapped "{[/applications/{applicationidentifier}/signatures/{timestamp}],methods=[GET],consumes=[*/*],produces=[application/json]}" onto public org.springframework.http.ResponseEntity<org.apache.fineract.cn.anubis.api.v1.domain.Signature> org.apache.fineract.cn.identity.rest.ApplicationRestController.getApplicationSignature(java.lang.String,java.lang.String)
08:13:50.510 [main] INFO  o.s.w.s.m.m.a.RequestMappingHandlerMapping - Mapped "{[/applications/{applicationidentifier}],methods=[DELETE],consumes=[*/*],produces=[application/json]}" onto public org.springframework.http.ResponseEntity<java.lang.Void> org.apache.fineract.cn.identity.rest.ApplicationRestController.deleteApplication(java.lang.String)
08:13:50.511 [main] INFO  o.s.w.s.m.m.a.RequestMappingHandlerMapping - Mapped "{[/applications/{applicationidentifier}/permissions],methods=[POST],consumes=[*/*],produces=[application/json]}" onto public org.springframework.http.ResponseEntity<java.lang.Void> org.apache.fineract.cn.identity.rest.ApplicationRestController.createApplicationPermission(java.lang.String,org.apache.fineract.cn.identity.api.v1.domain.Permission)
08:13:50.512 [main] INFO  o.s.w.s.m.m.a.RequestMappingHandlerMapping - Mapped "{[/applications/{applicationidentifier}/permissions],methods=[GET],consumes=[*/*],produces=[application/json]}" onto public org.springframework.http.ResponseEntity<java.util.List<org.apache.fineract.cn.identity.api.v1.domain.Permission>> org.apache.fineract.cn.identity.rest.ApplicationRestController.getApplicationPermissions(java.lang.String)
08:13:50.512 [main] INFO  o.s.w.s.m.m.a.RequestMappingHandlerMapping - Mapped "{[/applications/{applicationidentifier}/permissions/{permissionidentifier}],methods=[GET],consumes=[*/*],produces=[application/json]}" onto public org.springframework.http.ResponseEntity<org.apache.fineract.cn.identity.api.v1.domain.Permission> org.apache.fineract.cn.identity.rest.ApplicationRestController.getApplicationPermission(java.lang.String,java.lang.String)
08:13:50.513 [main] INFO  o.s.w.s.m.m.a.RequestMappingHandlerMapping - Mapped "{[/applications/{applicationidentifier}/permissions/{permissionidentifier}],methods=[DELETE],consumes=[*/*],produces=[application/json]}" onto public org.springframework.http.ResponseEntity<java.lang.Void> org.apache.fineract.cn.identity.rest.ApplicationRestController.deleteApplicationPermission(java.lang.String,java.lang.String)
08:13:50.514 [main] INFO  o.s.w.s.m.m.a.RequestMappingHandlerMapping - Mapped "{[/applications],methods=[GET],consumes=[*/*],produces=[application/json]}" onto public org.springframework.http.ResponseEntity<java.util.List<java.lang.String>> org.apache.fineract.cn.identity.rest.ApplicationRestController.getApplications()
08:13:50.515 [main] INFO  o.s.w.s.m.m.a.RequestMappingHandlerMapping - Mapped "{[/applications/{applicationidentifier}/signatures/{timestamp}],methods=[PUT],consumes=[*/*],produces=[application/json]}" onto public org.springframework.http.ResponseEntity<java.lang.Void> org.apache.fineract.cn.identity.rest.ApplicationRestController.setApplicationSignature(java.lang.String,java.lang.String,org.apache.fineract.cn.anubis.api.v1.domain.Signature)
08:13:50.524 [main] INFO  o.s.w.s.m.m.a.RequestMappingHandlerMapping - Mapped "{[/permittables],methods=[GET],consumes=[*/*],produces=[application/json]}" onto public org.springframework.http.ResponseEntity<java.util.List<org.apache.fineract.cn.anubis.api.v1.domain.PermittableEndpoint>> org.apache.fineract.cn.anubis.controller.PermittableRestController.fetchPermittableEndpoints()
08:13:50.532 [main] INFO  o.s.w.s.m.m.a.RequestMappingHandlerMapping - Mapped "{[/signatures/{timestamp}],methods=[DELETE],consumes=[*/*],produces=[application/json]}" onto public org.springframework.http.ResponseEntity<java.lang.Void> org.apache.fineract.cn.anubis.controller.SignatureRestController.deleteSignatureSet(java.lang.String)
08:13:50.533 [main] INFO  o.s.w.s.m.m.a.RequestMappingHandlerMapping - Mapped "{[/signatures/{timestamp}/application],methods=[GET],consumes=[*/*],produces=[application/json]}" onto public org.springframework.http.ResponseEntity<org.apache.fineract.cn.anubis.api.v1.domain.Signature> org.apache.fineract.cn.anubis.controller.SignatureRestController.getApplicationSignature(java.lang.String)
08:13:50.534 [main] INFO  o.s.w.s.m.m.a.RequestMappingHandlerMapping - Mapped "{[/signatures/_latest/application],methods=[GET],consumes=[*/*],produces=[application/json]}" onto public org.springframework.http.ResponseEntity<org.apache.fineract.cn.anubis.api.v1.domain.Signature> org.apache.fineract.cn.anubis.controller.SignatureRestController.getLatestApplicationSignature()
08:13:50.534 [main] INFO  o.s.w.s.m.m.a.RequestMappingHandlerMapping - Mapped "{[/signatures],methods=[GET],consumes=[*/*],produces=[application/json]}" onto public org.springframework.http.ResponseEntity<java.util.List<java.lang.String>> org.apache.fineract.cn.anubis.controller.SignatureRestController.getAllSignatureSets()
08:13:50.535 [main] INFO  o.s.w.s.m.m.a.RequestMappingHandlerMapping - Mapped "{[/signatures/{timestamp}],methods=[GET],consumes=[*/*],produces=[application/json]}" onto public org.springframework.http.ResponseEntity<org.apache.fineract.cn.anubis.api.v1.domain.ApplicationSignatureSet> org.apache.fineract.cn.anubis.controller.SignatureRestController.getSignatureSet(java.lang.String)
08:13:50.535 [main] INFO  o.s.w.s.m.m.a.RequestMappingHandlerMapping - Mapped "{[/signatures/_latest],methods=[GET],consumes=[*/*],produces=[application/json]}" onto public org.springframework.http.ResponseEntity<org.apache.fineract.cn.anubis.api.v1.domain.ApplicationSignatureSet> org.apache.fineract.cn.anubis.controller.SignatureRestController.getLatestSignatureSet()
08:13:50.544 [main] INFO  o.s.w.s.m.m.a.RequestMappingHandlerMapping - Mapped "{[/error],produces=[text/html]}" onto public org.springframework.web.servlet.ModelAndView org.springframework.boot.autoconfigure.web.BasicErrorController.errorHtml(javax.servlet.http.HttpServletRequest,javax.servlet.http.HttpServletResponse)
08:13:50.546 [main] INFO  o.s.w.s.m.m.a.RequestMappingHandlerMapping - Mapped "{[/error]}" onto public org.springframework.http.ResponseEntity<java.util.Map<java.lang.String, java.lang.Object>> org.springframework.boot.autoconfigure.web.BasicErrorController.error(javax.servlet.http.HttpServletRequest)
08:13:53.639 [main] INFO  o.s.b.a.e.mvc.EndpointHandlerMapping - Mapped "{[/trace || /trace.json],methods=[GET],produces=[application/json]}" onto public java.lang.Object org.springframework.boot.actuate.endpoint.mvc.EndpointMvcAdapter.invoke()
08:13:53.641 [main] INFO  o.s.b.a.e.mvc.EndpointHandlerMapping - Mapped "{[/refresh || /refresh.json],methods=[POST]}" onto public java.lang.Object org.springframework.cloud.endpoint.GenericPostableMvcEndpoint.invoke()
08:13:53.643 [main] INFO  o.s.b.a.e.mvc.EndpointHandlerMapping - Mapped "{[/autoconfig || /autoconfig.json],methods=[GET],produces=[application/json]}" onto public java.lang.Object org.springframework.boot.actuate.endpoint.mvc.EndpointMvcAdapter.invoke()
08:13:53.644 [main] INFO  o.s.b.a.e.mvc.EndpointHandlerMapping - Mapped "{[/configprops || /configprops.json],methods=[GET],produces=[application/json]}" onto public java.lang.Object org.springframework.boot.actuate.endpoint.mvc.EndpointMvcAdapter.invoke()
08:13:53.650 [main] INFO  o.s.b.a.e.mvc.EndpointHandlerMapping - Mapped "{[/heapdump || /heapdump.json],methods=[GET],produces=[application/octet-stream]}" onto public void org.springframework.boot.actuate.endpoint.mvc.HeapdumpMvcEndpoint.invoke(boolean,javax.servlet.http.HttpServletRequest,javax.servlet.http.HttpServletResponse) throws java.io.IOException,javax.servlet.ServletException
08:13:53.651 [main] INFO  o.s.b.a.e.mvc.EndpointHandlerMapping - Mapped "{[/metrics/{name:.*}],methods=[GET],produces=[application/json]}" onto public java.lang.Object org.springframework.boot.actuate.endpoint.mvc.MetricsMvcEndpoint.value(java.lang.String)
08:13:53.653 [main] INFO  o.s.b.a.e.mvc.EndpointHandlerMapping - Mapped "{[/metrics || /metrics.json],methods=[GET],produces=[application/json]}" onto public java.lang.Object org.springframework.boot.actuate.endpoint.mvc.EndpointMvcAdapter.invoke()
08:13:53.655 [main] INFO  o.s.b.a.e.mvc.EndpointHandlerMapping - Mapped "{[/mappings || /mappings.json],methods=[GET],produces=[application/json]}" onto public java.lang.Object org.springframework.boot.actuate.endpoint.mvc.EndpointMvcAdapter.invoke()
08:13:53.656 [main] INFO  o.s.b.a.e.mvc.EndpointHandlerMapping - Mapped "{[/env/{name:.*}],methods=[GET],produces=[application/json]}" onto public java.lang.Object org.springframework.boot.actuate.endpoint.mvc.EnvironmentMvcEndpoint.value(java.lang.String)
08:13:53.661 [main] INFO  o.s.b.a.e.mvc.EndpointHandlerMapping - Mapped "{[/env || /env.json],methods=[GET],produces=[application/json]}" onto public java.lang.Object org.springframework.boot.actuate.endpoint.mvc.EndpointMvcAdapter.invoke()
08:13:53.667 [main] INFO  o.s.b.a.e.mvc.EndpointHandlerMapping - Mapped "{[/shutdown || /shutdown.json],methods=[POST]}" onto public java.lang.Object org.springframework.boot.actuate.endpoint.mvc.ShutdownMvcEndpoint.invoke()
08:13:53.673 [main] INFO  o.s.b.a.e.mvc.EndpointHandlerMapping - Mapped "{[/env],methods=[POST]}" onto public java.lang.Object org.springframework.cloud.context.environment.EnvironmentManagerMvcEndpoint.value(java.util.Map<java.lang.String, java.lang.String>)
08:13:53.673 [main] INFO  o.s.b.a.e.mvc.EndpointHandlerMapping - Mapped "{[/env/reset],methods=[POST]}" onto public java.util.Map<java.lang.String, java.lang.Object> org.springframework.cloud.context.environment.EnvironmentManagerMvcEndpoint.reset()
08:13:53.681 [main] INFO  o.s.b.a.e.mvc.EndpointHandlerMapping - Mapped "{[/info || /info.json],methods=[GET],produces=[application/json]}" onto public java.lang.Object org.springframework.boot.actuate.endpoint.mvc.EndpointMvcAdapter.invoke()
08:13:53.682 [main] INFO  o.s.b.a.e.mvc.EndpointHandlerMapping - Mapped "{[/pause || /pause.json],methods=[POST]}" onto public java.lang.Object org.springframework.cloud.endpoint.GenericPostableMvcEndpoint.invoke()
08:13:53.683 [main] INFO  o.s.b.a.e.mvc.EndpointHandlerMapping - Mapped "{[/features || /features.json],methods=[GET],produces=[application/json]}" onto public java.lang.Object org.springframework.boot.actuate.endpoint.mvc.EndpointMvcAdapter.invoke()
08:13:53.684 [main] INFO  o.s.b.a.e.mvc.EndpointHandlerMapping - Mapped "{[/health || /health.json],produces=[application/json]}" onto public java.lang.Object org.springframework.boot.actuate.endpoint.mvc.HealthMvcEndpoint.invoke(java.security.Principal)
08:13:53.688 [main] INFO  o.s.b.a.e.mvc.EndpointHandlerMapping - Mapped "{[/beans || /beans.json],methods=[GET],produces=[application/json]}" onto public java.lang.Object org.springframework.boot.actuate.endpoint.mvc.EndpointMvcAdapter.invoke()
08:13:53.689 [main] INFO  o.s.b.a.e.mvc.EndpointHandlerMapping - Mapped "{[/archaius || /archaius.json],methods=[GET],produces=[application/json]}" onto public java.lang.Object org.springframework.boot.actuate.endpoint.mvc.EndpointMvcAdapter.invoke()
08:13:53.692 [main] INFO  o.s.b.a.e.mvc.EndpointHandlerMapping - Mapped "{[/resume || /resume.json],methods=[POST]}" onto public java.lang.Object org.springframework.cloud.endpoint.GenericPostableMvcEndpoint.invoke()
08:13:53.693 [main] INFO  o.s.b.a.e.mvc.EndpointHandlerMapping - Mapped "{[/dump || /dump.json],methods=[GET],produces=[application/json]}" onto public java.lang.Object org.springframework.boot.actuate.endpoint.mvc.EndpointMvcAdapter.invoke()
08:13:53.696 [main] INFO  o.s.b.a.e.mvc.EndpointHandlerMapping - Mapped "{[/restart || /restart.json],methods=[POST]}" onto public java.lang.Object org.springframework.cloud.context.restart.RestartMvcEndpoint.invoke()
08:13:54.673 [main] INFO  o.s.s.web.DefaultSecurityFilterChain - Creating filter chain: OrRequestMatcher [requestMatchers=[Ant [pattern='/css/**'], Ant [pattern='/js/**'], Ant [pattern='/images/**'], Ant [pattern='/webjars/**'], Ant [pattern='/**/favicon.ico'], Ant [pattern='/error']]], []
08:13:54.992 [main] INFO  o.s.s.web.DefaultSecurityFilterChain - Creating filter chain: org.springframework.security.web.util.matcher.AnyRequestMatcher@1, [org.springframework.security.web.context.request.async.WebAsyncManagerIntegrationFilter@3119cf6f, org.springframework.security.web.context.SecurityContextPersistenceFilter@1fc713c9, org.springframework.security.web.header.HeaderWriterFilter@41a374be, org.apache.fineract.cn.anubis.filter.IsisAuthenticatedProcessingFilter@6dc9da2d, org.springframework.security.web.savedrequest.RequestCacheAwareFilter@76b47204, org.springframework.security.web.servletapi.SecurityContextHolderAwareRequestFilter@6a12c7a8, org.springframework.security.web.authentication.AnonymousAuthenticationFilter@1d408060, org.springframework.security.web.session.SessionManagementFilter@8cc8cdb, org.springframework.security.web.access.ExceptionTranslationFilter@4f327096, org.springframework.security.web.access.intercept.FilterSecurityInterceptor@6848a051]
08:13:55.181 [main] INFO  o.s.s.web.DefaultSecurityFilterChain - Creating filter chain: org.springframework.boot.actuate.autoconfigure.ManagementWebSecurityAutoConfiguration$LazyEndpointPathRequestMatcher@2d55e826, [org.springframework.security.web.context.request.async.WebAsyncManagerIntegrationFilter@4d1ff6b1, org.springframework.security.web.context.SecurityContextPersistenceFilter@5f96f6a2, org.springframework.security.web.header.HeaderWriterFilter@f1dd5b4, org.springframework.security.web.authentication.logout.LogoutFilter@6e3ecf5c, org.springframework.security.web.authentication.www.BasicAuthenticationFilter@5626d18c, org.springframework.security.web.savedrequest.RequestCacheAwareFilter@48df4071, org.springframework.security.web.servletapi.SecurityContextHolderAwareRequestFilter@290e8cab, org.springframework.security.web.authentication.AnonymousAuthenticationFilter@45f756e6, org.springframework.security.web.session.SessionManagementFilter@73809e7, org.springframework.security.web.access.ExceptionTranslationFilter@30c4e352, org.springframework.security.web.access.intercept.FilterSecurityInterceptor@35c9a231]
08:13:55.910 [main] INFO  o.s.b.w.s.FilterRegistrationBean - Mapping filter: 'tenantHeaderFilter' to urls: [/*]
08:13:55.911 [main] INFO  o.s.b.w.s.FilterRegistrationBean - Mapping filter: 'metricsFilter' to: [/*]
08:13:55.911 [main] INFO  o.s.b.w.s.FilterRegistrationBean - Mapping filter: 'characterEncodingFilter' to: [/*]
08:13:55.912 [main] INFO  o.s.b.w.s.FilterRegistrationBean - Mapping filter: 'springSecurityFilterChain' to: [/*]
08:13:55.914 [main] INFO  o.s.b.w.s.FilterRegistrationBean - Mapping filter: 'userContextFilter' to urls: [*]
08:13:55.918 [main] INFO  o.s.b.w.s.DelegatingFilterProxyRegistrationBean - Filter springSecurityFilterChain was not registered (possibly already registered?)
08:13:55.919 [main] INFO  o.s.b.w.s.FilterRegistrationBean - Mapping filter: 'webRequestLoggingFilter' to: [/*]
08:13:55.923 [main] INFO  o.s.b.w.s.FilterRegistrationBean - Mapping filter: 'serviceExceptionFilter' to urls: [/*]
08:13:55.923 [main] INFO  o.s.b.w.s.FilterRegistrationBean - Mapping filter: 'applicationContextIdFilter' to: [/*]
08:13:55.924 [main] INFO  o.s.b.w.s.ServletRegistrationBean - Mapping servlet: 'dispatcherServlet' to [/]
08:13:56.596 [main] INFO  o.e.j.server.handler.ContextHandler - Started o.s.b.c.e.j.JettyEmbeddedWebAppContext@5568c66f{/identity-v1,file:///tmp/jetty-docbase.642274879658751089.2021/,AVAILABLE}
08:13:56.597 [main] INFO  org.eclipse.jetty.server.Server - Started @31093ms
08:13:57.882 [main] INFO  o.s.w.s.m.m.a.RequestMappingHandlerAdapter - Looking for @ControllerAdvice: org.springframework.boot.context.embedded.AnnotationConfigEmbeddedWebApplicationContext@60285225: startup date [Thu Sep 06 08:13:34 GMT 2018]; parent: org.springframework.context.annotation.AnnotationConfigApplicationContext@7dc5e7b4
08:13:59.757 [main] INFO  c.datastax.driver.core.ClockFactory - Using native clock to generate timestamps.
08:14:01.478 [main] WARN  c.n.c.sources.URLConfigurationSource - No URLs will be polled as dynamic configuration sources.
08:14:01.480 [main] INFO  c.n.c.sources.URLConfigurationSource - To enable URLs as dynamic configuration sources, define System property archaius.configurationSource.additionalUrls or make config.properties available on classpath.
08:14:01.505 [main] WARN  c.n.c.sources.URLConfigurationSource - No URLs will be polled as dynamic configuration sources.
08:14:01.506 [main] INFO  c.n.c.sources.URLConfigurationSource - To enable URLs as dynamic configuration sources, define System property archaius.configurationSource.additionalUrls or make config.properties available on classpath.
08:14:01.904 [main] INFO  o.s.j.e.a.AnnotationMBeanExporter - Registering beans for JMX exposure on startup
08:14:01.940 [main] INFO  o.s.j.e.a.AnnotationMBeanExporter - Bean with name 'refreshScope' has been autodetected for JMX exposure
08:14:01.941 [main] INFO  o.s.j.e.a.AnnotationMBeanExporter - Bean with name 'environmentManager' has been autodetected for JMX exposure
08:14:01.948 [main] INFO  o.s.j.e.a.AnnotationMBeanExporter - Bean with name 'configurationPropertiesRebinder' has been autodetected for JMX exposure
08:14:01.949 [main] INFO  o.s.j.e.a.AnnotationMBeanExporter - Bean with name 'refreshEndpoint' has been autodetected for JMX exposure
08:14:01.954 [main] INFO  o.s.j.e.a.AnnotationMBeanExporter - Bean with name 'restartEndpoint' has been autodetected for JMX exposure
08:14:01.962 [main] INFO  o.s.j.e.a.AnnotationMBeanExporter - Located managed bean 'environmentManager': registering with JMX server as MBean [org.springframework.cloud.context.environment:name=environmentManager,type=EnvironmentManager]
08:14:02.023 [main] INFO  o.s.j.e.a.AnnotationMBeanExporter - Located managed bean 'restartEndpoint': registering with JMX server as MBean [org.springframework.cloud.context.restart:name=restartEndpoint,type=RestartEndpoint]
08:14:02.075 [main] INFO  o.s.j.e.a.AnnotationMBeanExporter - Located managed bean 'refreshScope': registering with JMX server as MBean [org.springframework.cloud.context.scope.refresh:name=refreshScope,type=RefreshScope]
08:14:02.124 [main] INFO  o.s.j.e.a.AnnotationMBeanExporter - Located managed bean 'configurationPropertiesRebinder': registering with JMX server as MBean [org.springframework.cloud.context.properties:name=configurationPropertiesRebinder,context=60285225,type=ConfigurationPropertiesRebinder]
08:14:02.149 [main] INFO  o.s.j.e.a.AnnotationMBeanExporter - Located managed bean 'refreshEndpoint': registering with JMX server as MBean [org.springframework.cloud.endpoint:name=refreshEndpoint,type=RefreshEndpoint]
08:14:02.152 [main] INFO  o.s.b.a.e.jmx.EndpointMBeanExporter - Registering beans for JMX exposure on startup
08:14:02.795 [main] INFO  o.s.c.s.DefaultLifecycleProcessor - Starting beans in phase 0
08:14:02.818 [main] INFO  o.s.c.n.eureka.InstanceInfoFactory - Setting initial instance status as: STARTING
08:14:03.203 [main] INFO  c.n.d.p.DiscoveryJerseyProvider - Using JSON encoding codec LegacyJacksonJson
08:14:03.205 [main] INFO  c.n.d.p.DiscoveryJerseyProvider - Using JSON decoding codec LegacyJacksonJson
08:14:03.750 [main] INFO  c.n.d.p.DiscoveryJerseyProvider - Using XML encoding codec XStreamXml
08:14:03.751 [main] INFO  c.n.d.p.DiscoveryJerseyProvider - Using XML decoding codec XStreamXml
08:14:04.539 [main] INFO  c.n.d.s.r.aws.ConfigClusterResolver - Resolving eureka endpoints via configuration
08:14:04.615 [main] INFO  c.netflix.discovery.DiscoveryClient - Disable delta property : false
08:14:04.617 [main] INFO  c.netflix.discovery.DiscoveryClient - Single vip registry refresh property : null
08:14:04.617 [main] INFO  c.netflix.discovery.DiscoveryClient - Force full registry fetch : false
08:14:04.624 [main] INFO  c.netflix.discovery.DiscoveryClient - Application is null : false
08:14:04.626 [main] INFO  c.netflix.discovery.DiscoveryClient - Registered Applications size is zero : true
08:14:04.626 [main] INFO  c.netflix.discovery.DiscoveryClient - Application version is -1: true
08:14:04.626 [main] INFO  c.netflix.discovery.DiscoveryClient - Getting all instance registry info from the eureka server
08:14:05.270 [main] INFO  c.netflix.discovery.DiscoveryClient - The response status is 200
08:14:05.277 [main] INFO  c.netflix.discovery.DiscoveryClient - Starting heartbeat executor: renew interval is: 1
08:14:05.282 [main] INFO  c.n.discovery.InstanceInfoReplicator - InstanceInfoReplicator onDemand update allowed rate per min is 120
08:14:05.291 [main] INFO  c.netflix.discovery.DiscoveryClient - Discovery Client initialized at timestamp 1536221645291 with initial instances count: 0
08:14:05.375 [main] INFO  o.s.c.n.e.EurekaDiscoveryClientConfiguration - Registering application identity-v1 with eureka with status UP
08:14:05.381 [main] INFO  c.netflix.discovery.DiscoveryClient - Saw local status change event StatusChangeEvent [timestamp=1536221645381, current=UP, previous=STARTING]
08:14:05.384 [DiscoveryClient-InstanceInfoReplicator-0] INFO  c.netflix.discovery.DiscoveryClient - DiscoveryClient_IDENTITY-V1/identity-ms-cluster-7f9574669f-4kw2q:identity-v1:2021: registering service...
08:14:05.426 [main] INFO  o.s.b.a.e.jmx.EndpointMBeanExporter - Located managed bean 'featuresEndpoint': registering with JMX server as MBean [org.springframework.boot:type=Endpoint,name=featuresEndpoint]
08:14:05.490 [main] INFO  o.s.b.a.e.jmx.EndpointMBeanExporter - Located managed bean 'requestMappingEndpoint': registering with JMX server as MBean [org.springframework.boot:type=Endpoint,name=requestMappingEndpoint]
08:14:05.503 [main] INFO  o.s.b.a.e.jmx.EndpointMBeanExporter - Located managed bean 'environmentEndpoint': registering with JMX server as MBean [org.springframework.boot:type=Endpoint,name=environmentEndpoint]
08:14:05.520 [main] INFO  o.s.b.a.e.jmx.EndpointMBeanExporter - Located managed bean 'healthEndpoint': registering with JMX server as MBean [org.springframework.boot:type=Endpoint,name=healthEndpoint]
08:14:05.538 [main] INFO  o.s.b.a.e.jmx.EndpointMBeanExporter - Located managed bean 'beansEndpoint': registering with JMX server as MBean [org.springframework.boot:type=Endpoint,name=beansEndpoint]
08:14:05.552 [main] INFO  o.s.b.a.e.jmx.EndpointMBeanExporter - Located managed bean 'infoEndpoint': registering with JMX server as MBean [org.springframework.boot:type=Endpoint,name=infoEndpoint]
08:14:05.568 [main] INFO  o.s.b.a.e.jmx.EndpointMBeanExporter - Located managed bean 'metricsEndpoint': registering with JMX server as MBean [org.springframework.boot:type=Endpoint,name=metricsEndpoint]
08:14:05.582 [main] INFO  o.s.b.a.e.jmx.EndpointMBeanExporter - Located managed bean 'traceEndpoint': registering with JMX server as MBean [org.springframework.boot:type=Endpoint,name=traceEndpoint]
08:14:05.594 [main] INFO  o.s.b.a.e.jmx.EndpointMBeanExporter - Located managed bean 'dumpEndpoint': registering with JMX server as MBean [org.springframework.boot:type=Endpoint,name=dumpEndpoint]
08:14:05.611 [main] INFO  o.s.b.a.e.jmx.EndpointMBeanExporter - Located managed bean 'autoConfigurationReportEndpoint': registering with JMX server as MBean [org.springframework.boot:type=Endpoint,name=autoConfigurationReportEndpoint]
08:14:05.617 [main] INFO  o.s.b.a.e.jmx.EndpointMBeanExporter - Located managed bean 'shutdownEndpoint': registering with JMX server as MBean [org.springframework.boot:type=Endpoint,name=shutdownEndpoint]
08:14:05.644 [main] INFO  o.s.b.a.e.jmx.EndpointMBeanExporter - Located managed bean 'configurationPropertiesReportEndpoint': registering with JMX server as MBean [org.springframework.boot:type=Endpoint,name=configurationPropertiesReportEndpoint]
08:14:05.657 [main] INFO  o.s.b.a.e.jmx.EndpointMBeanExporter - Located managed bean 'archaiusEndpoint': registering with JMX server as MBean [org.springframework.boot:type=Endpoint,name=archaiusEndpoint]
08:14:05.661 [main] INFO  o.s.c.s.DefaultLifecycleProcessor - Starting beans in phase 2147483647
08:14:05.749 [DiscoveryClient-InstanceInfoReplicator-0] INFO  c.netflix.discovery.DiscoveryClient - DiscoveryClient_IDENTITY-V1/identity-ms-cluster-7f9574669f-4kw2q:identity-v1:2021 - registration status: 204
08:14:05.765 [main] INFO  application - Initializing Spring FrameworkServlet 'dispatcherServlet'
08:14:05.765 [main] INFO  o.s.web.servlet.DispatcherServlet - FrameworkServlet 'dispatcherServlet': initialization started
08:14:05.847 [main] INFO  o.s.web.servlet.DispatcherServlet - FrameworkServlet 'dispatcherServlet': initialization completed in 80 ms
08:14:05.906 [main] INFO  o.e.jetty.server.AbstractConnector - Started ServerConnector@343547ac{HTTP/1.1,[http/1.1]}{0.0.0.0:2021}
08:14:05.914 [main] INFO  o.s.b.c.e.j.JettyEmbeddedServletContainer - Jetty started on port(s) 2021 (http/1.1)
08:14:05.916 [main] INFO  o.s.c.n.e.EurekaDiscoveryClientConfiguration - Updating port to 2021
08:14:05.935 [main] INFO  o.a.f.c.i.c.IdentityServiceConfig - Started IdentityServiceConfig in 38.226 seconds (JVM running for 40.432)
08:14:35.275 [DiscoveryClient-CacheRefreshExecutor-0] INFO  c.netflix.discovery.DiscoveryClient - Disable delta property : false
08:14:35.276 [DiscoveryClient-CacheRefreshExecutor-0] INFO  c.netflix.discovery.DiscoveryClient - Single vip registry refresh property : null
08:14:35.276 [DiscoveryClient-CacheRefreshExecutor-0] INFO  c.netflix.discovery.DiscoveryClient - Force full registry fetch : false
08:14:35.276 [DiscoveryClient-CacheRefreshExecutor-0] INFO  c.netflix.discovery.DiscoveryClient - Application is null : false
08:14:35.276 [DiscoveryClient-CacheRefreshExecutor-0] INFO  c.netflix.discovery.DiscoveryClient - Registered Applications size is zero : true
08:14:35.276 [DiscoveryClient-CacheRefreshExecutor-0] INFO  c.netflix.discovery.DiscoveryClient - Application version is -1: false
08:14:35.276 [DiscoveryClient-CacheRefreshExecutor-0] INFO  c.netflix.discovery.DiscoveryClient - Getting all instance registry info from the eureka server
08:14:35.346 [DiscoveryClient-CacheRefreshExecutor-0] INFO  c.netflix.discovery.DiscoveryClient - The response status is 200
08:19:04.631 [AsyncResolver-bootstrap-executor-0] INFO  c.n.d.s.r.aws.ConfigClusterResolver - Resolving eureka endpoints via configuration
08:22:12.569 [qtp1812823171-15] INFO  anubis-logger - System Key requested for non-existant key timestamp: 2018-09-03T13_10_30
08:22:12.570 [qtp1812823171-15] DEBUG anubis-logger - Authentication failed because the provided key timestamp is invalid.
08:24:04.632 [AsyncResolver-bootstrap-executor-0] INFO  c.n.d.s.r.aws.ConfigClusterResolver - Resolving eureka endpoints via configuration

