WARNING: Found orphan containers (identity-ms, provisioner-ms) for this project. If you removed or renamed this service in your compose file, you can run this command with the --remove-orphans flag to clean it up.
Starting rhythm-ms ...
Starting rhythm-ms ... done
Attaching to rhythm-ms
rhythm-ms    | 22:52:08.533 [main] INFO  o.s.c.a.AnnotationConfigApplicationContext - Refreshing org.springframework.context.annotation.AnnotationConfigApplicationContext@7dc5e7b4: startup date [Mon Oct 08 22:52:08 GMT 2018]; root of context hierarchy
rhythm-ms    | 22:52:09.203 [main] INFO  o.s.b.f.a.AutowiredAnnotationBeanPostProcessor - JSR-330 'javax.inject.Inject' annotation found and supported for autowiring
rhythm-ms    | 22:52:09.303 [main] INFO  o.s.c.s.PostProcessorRegistrationDelegate$BeanPostProcessorChecker - Bean 'configurationPropertiesRebinderAutoConfiguration' of type [class org.springframework.cloud.autoconfigure.ConfigurationPropertiesRebinderAutoConfiguration$$EnhancerBySpringCGLIB$$e5cae187] is not eligible for getting processed by all BeanPostProcessors (for example: not eligible for auto-proxying)
rhythm-ms    | 22:52:09.382 [background-preinit] INFO  o.h.validator.internal.util.Version - HV000001: Hibernate Validator 5.3.0.Final
rhythm-ms    |
rhythm-ms    |   .   ____          _            __ _ _
rhythm-ms    |  /\\ / ___'_ __ _ _(_)_ __  __ _ \ \ \ \
rhythm-ms    | ( ( )\___ | '_ | '_| | '_ \/ _` | \ \ \ \
rhythm-ms    |  \\/  ___)| |_)| | | | | || (_| |  ) ) ) )
rhythm-ms    |   '  |____| .__|_| |_|_| |_\__, | / / / /
rhythm-ms    |  =========|_|==============|___/=/_/_/_/
rhythm-ms    |  :: Spring Boot ::        (v1.4.1.RELEASE)
rhythm-ms    |
rhythm-ms    | 22:52:10.430 [main] INFO  o.a.f.c.r.service.RhythmApplication - The following profiles are active: production
rhythm-ms    | 22:52:10.557 [main] INFO  o.s.b.c.e.AnnotationConfigEmbeddedWebApplicationContext - Refreshing org.springframework.boot.context.embedded.AnnotationConfigEmbeddedWebApplicationContext@262b2c86: startup date [Mon Oct 08 22:52:10 GMT 2018]; parent: org.springframework.context.annotation.AnnotationConfigApplicationContext@7dc5e7b4
rhythm-ms    | 22:52:14.513 [main] WARN  o.s.c.a.ConfigurationClassPostProcessor - Cannot enhance @Configuration bean definition 'refreshScope' since its singleton instance has been created too early. The typical cause is a non-static @Bean method with a BeanDefinitionRegistryPostProcessor return type: Consider declaring such methods as 'static'.
rhythm-ms    | 22:52:15.079 [main] INFO  o.s.cloud.context.scope.GenericScope - BeanFactory id=f8cdb769-5253-3c28-b428-8e75a1679d84
rhythm-ms    | 22:52:15.115 [main] INFO  o.s.b.f.a.AutowiredAnnotationBeanPostProcessor - JSR-330 'javax.inject.Inject' annotation found and supported for autowiring
rhythm-ms    | 22:52:15.195 [main] INFO  o.s.c.s.PostProcessorRegistrationDelegate$BeanPostProcessorChecker - Bean 'org.apache.fineract.cn.rhythm.service.internal.identity.ApplicationPermissionRequestCreator' of type [class org.springframework.cloud.netflix.feign.FeignClientFactoryBean] is not eligible for getting processed by all BeanPostProcessors (for example: not eligible for auto-proxying)
rhythm-ms    | 22:52:15.217 [main] INFO  o.s.c.s.PostProcessorRegistrationDelegate$BeanPostProcessorChecker - Bean 'org.apache.fineract.cn.async.config.AsyncProcessingJavaConfiguration' of type [class org.apache.fineract.cn.async.config.AsyncProcessingJavaConfiguration$$EnhancerBySpringCGLIB$$eb67ac9] is not eligible for getting processed by all BeanPostProcessors (for example: not eligible for auto-proxying)
rhythm-ms    | 22:52:15.232 [main] INFO  o.s.s.c.ThreadPoolTaskExecutor - Initializing ExecutorService
rhythm-ms    | 22:52:15.326 [main] INFO  o.s.c.s.PostProcessorRegistrationDelegate$BeanPostProcessorChecker - Bean 'org.apache.fineract.cn.mariadb.config.MariaDBJavaConfiguration' of type [class org.apache.fineract.cn.mariadb.config.MariaDBJavaConfiguration$$EnhancerBySpringCGLIB$$46adaf3c] is not eligible for getting processed by all BeanPostProcessors (for example: not eligible for auto-proxying)
rhythm-ms    | 22:52:15.628 [main] INFO  o.s.c.s.PostProcessorRegistrationDelegate$BeanPostProcessorChecker - Bean 'org.springframework.transaction.annotation.ProxyTransactionManagementConfiguration' of type [class org.springframework.transaction.annotation.ProxyTransactionManagementConfiguration$$EnhancerBySpringCGLIB$$c9b0de8a] is not eligible for getting processed by all BeanPostProcessors (for example: not eligible for auto-proxying)
rhythm-ms    | 22:52:15.762 [main] INFO  o.s.c.s.PostProcessorRegistrationDelegate$BeanPostProcessorChecker - Bean 'org.springframework.cloud.autoconfigure.ConfigurationPropertiesRebinderAutoConfiguration' of type [class org.springframework.cloud.autoconfigure.ConfigurationPropertiesRebinderAutoConfiguration$$EnhancerBySpringCGLIB$$e5cae187] is not eligible for getting processed by all BeanPostProcessors (for example: not eligible for auto-proxying)
rhythm-ms    | 22:52:16.358 [main] INFO  org.eclipse.jetty.util.log - Logging initialized @13541ms
rhythm-ms    | 22:52:16.577 [main] INFO  o.s.b.c.e.j.JettyEmbeddedServletContainerFactory - Server initialized with port: 2022
rhythm-ms    | 22:52:16.580 [main] INFO  org.eclipse.jetty.server.Server - jetty-9.3.11.v20160721
rhythm-ms    | 22:52:16.831 [main] INFO  o.s.web.context.ContextLoader - Root WebApplicationContext: initialization completed in 6274 ms
rhythm-ms    | 22:52:20.681 [main] INFO  c.datastax.driver.core.ClockFactory - Using native clock to generate timestamps.
rhythm-ms    | 22:52:21.080 [main] WARN  com.datastax.driver.core.NettyUtil - Found Netty's native epoll transport in the classpath, but epoll is not available. Using NIO instead.
rhythm-ms    | java.lang.UnsatisfiedLinkError: no netty-transport-native-epoll in java.library.path
rhythm-ms    | 	at java.lang.ClassLoader.loadLibrary(ClassLoader.java:1867)
rhythm-ms    | 	at java.lang.Runtime.loadLibrary0(Runtime.java:870)
rhythm-ms    | 	at java.lang.System.loadLibrary(System.java:1122)
rhythm-ms    | 	at io.netty.util.internal.NativeLibraryLoader.load(NativeLibraryLoader.java:189)
rhythm-ms    | 	at io.netty.channel.epoll.Native.<clinit>(Native.java:49)
rhythm-ms    | 	at io.netty.channel.epoll.Epoll.<clinit>(Epoll.java:30)
rhythm-ms    | 	at java.lang.Class.forName0(Native Method)
rhythm-ms    | 	at java.lang.Class.forName(Class.java:264)
rhythm-ms    | 	at com.datastax.driver.core.NettyUtil.<clinit>(NettyUtil.java:68)
rhythm-ms    | 	at com.datastax.driver.core.NettyOptions.eventLoopGroup(NettyOptions.java:99)
rhythm-ms    | 	at com.datastax.driver.core.Connection$Factory.<init>(Connection.java:769)
rhythm-ms    | 	at com.datastax.driver.core.Cluster$Manager.init(Cluster.java:1400)
rhythm-ms    | 	at com.datastax.driver.core.Cluster.init(Cluster.java:159)
rhythm-ms    | 	at com.datastax.driver.core.Cluster.connectAsync(Cluster.java:330)
rhythm-ms    | 	at com.datastax.driver.core.Cluster.connect(Cluster.java:280)
rhythm-ms    | 	at org.apache.fineract.cn.cassandra.core.CassandraSessionProvider.lambda$getSession$2(CassandraSessionProvider.java:150)
rhythm-ms    | 	at java.util.concurrent.ConcurrentHashMap.computeIfAbsent(ConcurrentHashMap.java:1660)
rhythm-ms    | 	at org.apache.fineract.cn.cassandra.core.CassandraSessionProvider.getSession(CassandraSessionProvider.java:143)
rhythm-ms    | 	at org.apache.fineract.cn.cassandra.core.CassandraSessionProvider.getAdminSession(CassandraSessionProvider.java:94)
rhythm-ms    | 	at org.apache.fineract.cn.cassandra.core.CassandraSessionProvider.touchAdminSession(CassandraSessionProvider.java:193)
rhythm-ms    | 	at org.apache.fineract.cn.cassandra.config.CassandraConnectorConfiguration.cassandraSessionProvider(CassandraConnectorConfiguration.java:69)
rhythm-ms    | 	at org.apache.fineract.cn.cassandra.config.CassandraConnectorConfiguration$$EnhancerBySpringCGLIB$$cc69a6ff.CGLIB$cassandraSessionProvider$1(<generated>)
rhythm-ms    | 	at org.apache.fineract.cn.cassandra.config.CassandraConnectorConfiguration$$EnhancerBySpringCGLIB$$cc69a6ff$$FastClassBySpringCGLIB$$a9e82c41.invoke(<generated>)
rhythm-ms    | 	at org.springframework.cglib.proxy.MethodProxy.invokeSuper(MethodProxy.java:228)
rhythm-ms    | 	at org.springframework.context.annotation.ConfigurationClassEnhancer$BeanMethodInterceptor.intercept(ConfigurationClassEnhancer.java:356)
rhythm-ms    | 	at org.apache.fineract.cn.cassandra.config.CassandraConnectorConfiguration$$EnhancerBySpringCGLIB$$cc69a6ff.cassandraSessionProvider(<generated>)
rhythm-ms    | 	at sun.reflect.NativeMethodAccessorImpl.invoke0(Native Method)
rhythm-ms    | 	at sun.reflect.NativeMethodAccessorImpl.invoke(NativeMethodAccessorImpl.java:62)
rhythm-ms    | 	at sun.reflect.DelegatingMethodAccessorImpl.invoke(DelegatingMethodAccessorImpl.java:43)
rhythm-ms    | 	at java.lang.reflect.Method.invoke(Method.java:498)
rhythm-ms    | 	at org.springframework.beans.factory.support.SimpleInstantiationStrategy.instantiate(SimpleInstantiationStrategy.java:162)
rhythm-ms    | 	at org.springframework.beans.factory.support.ConstructorResolver.instantiateUsingFactoryMethod(ConstructorResolver.java:588)
rhythm-ms    | 	at org.springframework.beans.factory.support.AbstractAutowireCapableBeanFactory.instantiateUsingFactoryMethod(AbstractAutowireCapableBeanFactory.java:1128)
rhythm-ms    | 	at org.springframework.beans.factory.support.AbstractAutowireCapableBeanFactory.createBeanInstance(AbstractAutowireCapableBeanFactory.java:1023)
rhythm-ms    | 	at org.springframework.beans.factory.support.AbstractAutowireCapableBeanFactory.doCreateBean(AbstractAutowireCapableBeanFactory.java:510)
rhythm-ms    | 	at org.springframework.beans.factory.support.AbstractAutowireCapableBeanFactory.createBean(AbstractAutowireCapableBeanFactory.java:482)
rhythm-ms    | 	at org.springframework.beans.factory.support.AbstractBeanFactory$1.getObject(AbstractBeanFactory.java:306)
rhythm-ms    | 	at org.springframework.beans.factory.support.DefaultSingletonBeanRegistry.getSingleton(DefaultSingletonBeanRegistry.java:230)
rhythm-ms    | 	at org.springframework.beans.factory.support.AbstractBeanFactory.doGetBean(AbstractBeanFactory.java:302)
rhythm-ms    | 	at org.springframework.beans.factory.support.AbstractBeanFactory.getBean(AbstractBeanFactory.java:202)
rhythm-ms    | 	at org.springframework.beans.factory.config.DependencyDescriptor.resolveCandidate(DependencyDescriptor.java:207)
rhythm-ms    | 	at org.springframework.beans.factory.support.DefaultListableBeanFactory.doResolveDependency(DefaultListableBeanFactory.java:1128)
rhythm-ms    | 	at org.springframework.beans.factory.support.DefaultListableBeanFactory.resolveDependency(DefaultListableBeanFactory.java:1056)
rhythm-ms    | 	at org.springframework.beans.factory.support.ConstructorResolver.resolveAutowiredArgument(ConstructorResolver.java:835)
rhythm-ms    | 	at org.springframework.beans.factory.support.ConstructorResolver.createArgumentArray(ConstructorResolver.java:741)
rhythm-ms    | 	at org.springframework.beans.factory.support.ConstructorResolver.autowireConstructor(ConstructorResolver.java:189)
rhythm-ms    | 	at org.springframework.beans.factory.support.AbstractAutowireCapableBeanFactory.autowireConstructor(AbstractAutowireCapableBeanFactory.java:1148)
rhythm-ms    | 	at org.springframework.beans.factory.support.AbstractAutowireCapableBeanFactory.createBeanInstance(AbstractAutowireCapableBeanFactory.java:1051)
rhythm-ms    | 	at org.springframework.beans.factory.support.AbstractAutowireCapableBeanFactory.doCreateBean(AbstractAutowireCapableBeanFactory.java:510)
rhythm-ms    | 	at org.springframework.beans.factory.support.AbstractAutowireCapableBeanFactory.createBean(AbstractAutowireCapableBeanFactory.java:482)
rhythm-ms    | 	at org.springframework.beans.factory.support.AbstractBeanFactory$1.getObject(AbstractBeanFactory.java:306)
rhythm-ms    | 	at org.springframework.beans.factory.support.DefaultSingletonBeanRegistry.getSingleton(DefaultSingletonBeanRegistry.java:230)
rhythm-ms    | 	at org.springframework.beans.factory.support.AbstractBeanFactory.doGetBean(AbstractBeanFactory.java:302)
rhythm-ms    | 	at org.springframework.beans.factory.support.AbstractBeanFactory.getBean(AbstractBeanFactory.java:202)
rhythm-ms    | 	at org.springframework.beans.factory.config.DependencyDescriptor.resolveCandidate(DependencyDescriptor.java:207)
rhythm-ms    | 	at org.springframework.beans.factory.support.DefaultListableBeanFactory.doResolveDependency(DefaultListableBeanFactory.java:1128)
rhythm-ms    | 	at org.springframework.beans.factory.support.DefaultListableBeanFactory.resolveDependency(DefaultListableBeanFactory.java:1056)
rhythm-ms    | 	at org.springframework.beans.factory.support.ConstructorResolver.resolveAutowiredArgument(ConstructorResolver.java:835)
rhythm-ms    | 	at org.springframework.beans.factory.support.ConstructorResolver.createArgumentArray(ConstructorResolver.java:741)
rhythm-ms    | 	at org.springframework.beans.factory.support.ConstructorResolver.autowireConstructor(ConstructorResolver.java:189)
rhythm-ms    | 	at org.springframework.beans.factory.support.AbstractAutowireCapableBeanFactory.autowireConstructor(AbstractAutowireCapableBeanFactory.java:1148)
rhythm-ms    | 	at org.springframework.beans.factory.support.AbstractAutowireCapableBeanFactory.createBeanInstance(AbstractAutowireCapableBeanFactory.java:1051)
rhythm-ms    | 	at org.springframework.beans.factory.support.AbstractAutowireCapableBeanFactory.doCreateBean(AbstractAutowireCapableBeanFactory.java:510)
rhythm-ms    | 	at org.springframework.beans.factory.support.AbstractAutowireCapableBeanFactory.createBean(AbstractAutowireCapableBeanFactory.java:482)
rhythm-ms    | 	at org.springframework.beans.factory.support.AbstractBeanFactory$1.getObject(AbstractBeanFactory.java:306)
rhythm-ms    | 	at org.springframework.beans.factory.support.DefaultSingletonBeanRegistry.getSingleton(DefaultSingletonBeanRegistry.java:230)
rhythm-ms    | 	at org.springframework.beans.factory.support.AbstractBeanFactory.doGetBean(AbstractBeanFactory.java:302)
rhythm-ms    | 	at org.springframework.beans.factory.support.AbstractBeanFactory.getBean(AbstractBeanFactory.java:202)
rhythm-ms    | 	at org.springframework.beans.factory.config.DependencyDescriptor.resolveCandidate(DependencyDescriptor.java:207)
rhythm-ms    | 	at org.springframework.beans.factory.support.DefaultListableBeanFactory.doResolveDependency(DefaultListableBeanFactory.java:1128)
rhythm-ms    | 	at org.springframework.beans.factory.support.DefaultListableBeanFactory.resolveDependency(DefaultListableBeanFactory.java:1056)
rhythm-ms    | 	at org.springframework.beans.factory.support.ConstructorResolver.resolveAutowiredArgument(ConstructorResolver.java:835)
rhythm-ms    | 	at org.springframework.beans.factory.support.ConstructorResolver.createArgumentArray(ConstructorResolver.java:741)
rhythm-ms    | 	at org.springframework.beans.factory.support.ConstructorResolver.autowireConstructor(ConstructorResolver.java:189)
rhythm-ms    | 	at org.springframework.beans.factory.support.AbstractAutowireCapableBeanFactory.autowireConstructor(AbstractAutowireCapableBeanFactory.java:1148)
rhythm-ms    | 	at org.springframework.beans.factory.support.AbstractAutowireCapableBeanFactory.createBeanInstance(AbstractAutowireCapableBeanFactory.java:1051)
rhythm-ms    | 	at org.springframework.beans.factory.support.AbstractAutowireCapableBeanFactory.doCreateBean(AbstractAutowireCapableBeanFactory.java:510)
rhythm-ms    | 	at org.springframework.beans.factory.support.AbstractAutowireCapableBeanFactory.createBean(AbstractAutowireCapableBeanFactory.java:482)
rhythm-ms    | 	at org.springframework.beans.factory.support.AbstractBeanFactory$1.getObject(AbstractBeanFactory.java:306)
rhythm-ms    | 	at org.springframework.beans.factory.support.DefaultSingletonBeanRegistry.getSingleton(DefaultSingletonBeanRegistry.java:230)
rhythm-ms    | 	at org.springframework.beans.factory.support.AbstractBeanFactory.doGetBean(AbstractBeanFactory.java:302)
rhythm-ms    | 	at org.springframework.beans.factory.support.AbstractBeanFactory.getBean(AbstractBeanFactory.java:202)
rhythm-ms    | 	at org.springframework.beans.factory.config.DependencyDescriptor.resolveCandidate(DependencyDescriptor.java:207)
rhythm-ms    | 	at org.springframework.beans.factory.support.DefaultListableBeanFactory.doResolveDependency(DefaultListableBeanFactory.java:1128)
rhythm-ms    | 	at org.springframework.beans.factory.support.DefaultListableBeanFactory.resolveDependency(DefaultListableBeanFactory.java:1056)
rhythm-ms    | 	at org.springframework.beans.factory.annotation.AutowiredAnnotationBeanPostProcessor$AutowiredMethodElement.inject(AutowiredAnnotationBeanPostProcessor.java:640)
rhythm-ms    | 	at org.springframework.beans.factory.annotation.InjectionMetadata.inject(InjectionMetadata.java:88)
rhythm-ms    | 	at org.springframework.beans.factory.annotation.AutowiredAnnotationBeanPostProcessor.postProcessPropertyValues(AutowiredAnnotationBeanPostProcessor.java:349)
rhythm-ms    | 	at org.springframework.beans.factory.support.AbstractAutowireCapableBeanFactory.populateBean(AbstractAutowireCapableBeanFactory.java:1219)
rhythm-ms    | 	at org.springframework.beans.factory.support.AbstractAutowireCapableBeanFactory.doCreateBean(AbstractAutowireCapableBeanFactory.java:543)
rhythm-ms    | 	at org.springframework.beans.factory.support.AbstractAutowireCapableBeanFactory.createBean(AbstractAutowireCapableBeanFactory.java:482)
rhythm-ms    | 	at org.springframework.beans.factory.support.AbstractBeanFactory$1.getObject(AbstractBeanFactory.java:306)
rhythm-ms    | 	at org.springframework.beans.factory.support.DefaultSingletonBeanRegistry.getSingleton(DefaultSingletonBeanRegistry.java:230)
rhythm-ms    | 	at org.springframework.beans.factory.support.AbstractBeanFactory.doGetBean(AbstractBeanFactory.java:302)
rhythm-ms    | 	at org.springframework.beans.factory.support.AbstractBeanFactory.getBean(AbstractBeanFactory.java:197)
rhythm-ms    | 	at org.springframework.beans.factory.support.ConstructorResolver.instantiateUsingFactoryMethod(ConstructorResolver.java:372)
rhythm-ms    | 	at org.springframework.beans.factory.support.AbstractAutowireCapableBeanFactory.instantiateUsingFactoryMethod(AbstractAutowireCapableBeanFactory.java:1128)
rhythm-ms    | 	at org.springframework.beans.factory.support.AbstractAutowireCapableBeanFactory.createBeanInstance(AbstractAutowireCapableBeanFactory.java:1023)
rhythm-ms    | 	at org.springframework.beans.factory.support.AbstractAutowireCapableBeanFactory.doCreateBean(AbstractAutowireCapableBeanFactory.java:510)
rhythm-ms    | 	at org.springframework.beans.factory.support.AbstractAutowireCapableBeanFactory.createBean(AbstractAutowireCapableBeanFactory.java:482)
rhythm-ms    | 	at org.springframework.beans.factory.support.AbstractBeanFactory$1.getObject(AbstractBeanFactory.java:306)
rhythm-ms    | 	at org.springframework.beans.factory.support.DefaultSingletonBeanRegistry.getSingleton(DefaultSingletonBeanRegistry.java:230)
rhythm-ms    | 	at org.springframework.beans.factory.support.AbstractBeanFactory.doGetBean(AbstractBeanFactory.java:302)
rhythm-ms    | 	at org.springframework.beans.factory.support.AbstractBeanFactory.getBean(AbstractBeanFactory.java:202)
rhythm-ms    | 	at org.springframework.boot.web.servlet.ServletContextInitializerBeans.getOrderedBeansOfType(ServletContextInitializerBeans.java:233)
rhythm-ms    | 	at org.springframework.boot.web.servlet.ServletContextInitializerBeans.getOrderedBeansOfType(ServletContextInitializerBeans.java:214)
rhythm-ms    | 	at org.springframework.boot.web.servlet.ServletContextInitializerBeans.addServletContextInitializerBeans(ServletContextInitializerBeans.java:90)
rhythm-ms    | 	at org.springframework.boot.web.servlet.ServletContextInitializerBeans.<init>(ServletContextInitializerBeans.java:78)
rhythm-ms    | 	at org.springframework.boot.context.embedded.EmbeddedWebApplicationContext.getServletContextInitializerBeans(EmbeddedWebApplicationContext.java:241)
rhythm-ms    | 	at org.springframework.boot.context.embedded.EmbeddedWebApplicationContext.selfInitialize(EmbeddedWebApplicationContext.java:228)
rhythm-ms    | 	at org.springframework.boot.context.embedded.EmbeddedWebApplicationContext.access$000(EmbeddedWebApplicationContext.java:89)
rhythm-ms    | 	at org.springframework.boot.context.embedded.EmbeddedWebApplicationContext$1.onStartup(EmbeddedWebApplicationContext.java:213)
rhythm-ms    | 	at org.springframework.boot.context.embedded.jetty.ServletContextInitializerConfiguration$Initializer.callInitializers(ServletContextInitializerConfiguration.java:83)
rhythm-ms    | 	at org.springframework.boot.context.embedded.jetty.ServletContextInitializerConfiguration$Initializer.doStart(ServletContextInitializerConfiguration.java:72)
rhythm-ms    | 	at org.eclipse.jetty.util.component.AbstractLifeCycle.start(AbstractLifeCycle.java:68)
rhythm-ms    | 	at org.eclipse.jetty.util.component.ContainerLifeCycle.start(ContainerLifeCycle.java:132)
rhythm-ms    | 	at org.eclipse.jetty.util.component.ContainerLifeCycle.doStart(ContainerLifeCycle.java:106)
rhythm-ms    | 	at org.eclipse.jetty.server.handler.AbstractHandler.doStart(AbstractHandler.java:61)
rhythm-ms    | 	at org.eclipse.jetty.server.handler.ScopedHandler.doStart(ScopedHandler.java:120)
rhythm-ms    | 	at org.eclipse.jetty.server.handler.ContextHandler.startContext(ContextHandler.java:809)
rhythm-ms    | 	at org.eclipse.jetty.servlet.ServletContextHandler.startContext(ServletContextHandler.java:345)
rhythm-ms    | 	at org.eclipse.jetty.webapp.WebAppContext.startWebapp(WebAppContext.java:1404)
rhythm-ms    | 	at org.eclipse.jetty.webapp.WebAppContext.startContext(WebAppContext.java:1366)
rhythm-ms    | 	at org.eclipse.jetty.server.handler.ContextHandler.doStart(ContextHandler.java:778)
rhythm-ms    | 	at org.eclipse.jetty.servlet.ServletContextHandler.doStart(ServletContextHandler.java:262)
rhythm-ms    | 	at org.eclipse.jetty.webapp.WebAppContext.doStart(WebAppContext.java:520)
rhythm-ms    | 	at org.eclipse.jetty.util.component.AbstractLifeCycle.start(AbstractLifeCycle.java:68)
rhythm-ms    | 	at org.eclipse.jetty.util.component.ContainerLifeCycle.start(ContainerLifeCycle.java:132)
rhythm-ms    | 	at org.eclipse.jetty.server.Server.start(Server.java:411)
rhythm-ms    | 	at org.eclipse.jetty.util.component.ContainerLifeCycle.doStart(ContainerLifeCycle.java:106)
rhythm-ms    | 	at org.eclipse.jetty.server.handler.AbstractHandler.doStart(AbstractHandler.java:61)
rhythm-ms    | 	at org.eclipse.jetty.server.Server.doStart(Server.java:378)
rhythm-ms    | 	at org.eclipse.jetty.util.component.AbstractLifeCycle.start(AbstractLifeCycle.java:68)
rhythm-ms    | 	at org.springframework.boot.context.embedded.jetty.JettyEmbeddedServletContainer.initialize(JettyEmbeddedServletContainer.java:91)
rhythm-ms    | 	at org.springframework.boot.context.embedded.jetty.JettyEmbeddedServletContainer.<init>(JettyEmbeddedServletContainer.java:79)
rhythm-ms    | 	at org.springframework.boot.context.embedded.jetty.JettyEmbeddedServletContainerFactory.getJettyEmbeddedServletContainer(JettyEmbeddedServletContainerFactory.java:540)
rhythm-ms    | 	at org.springframework.boot.context.embedded.jetty.JettyEmbeddedServletContainerFactory.getEmbeddedServletContainer(JettyEmbeddedServletContainerFactory.java:185)
rhythm-ms    | 	at org.springframework.boot.context.embedded.EmbeddedWebApplicationContext.createEmbeddedServletContainer(EmbeddedWebApplicationContext.java:164)
rhythm-ms    | 	at org.springframework.boot.context.embedded.EmbeddedWebApplicationContext.onRefresh(EmbeddedWebApplicationContext.java:134)
rhythm-ms    | 	at org.springframework.context.support.AbstractApplicationContext.refresh(AbstractApplicationContext.java:535)
rhythm-ms    | 	at org.springframework.boot.context.embedded.EmbeddedWebApplicationContext.refresh(EmbeddedWebApplicationContext.java:122)
rhythm-ms    | 	at org.springframework.boot.SpringApplication.refresh(SpringApplication.java:761)
rhythm-ms    | 	at org.springframework.boot.SpringApplication.refreshContext(SpringApplication.java:371)
rhythm-ms    | 	at org.springframework.boot.SpringApplication.run(SpringApplication.java:315)
rhythm-ms    | 	at org.springframework.boot.SpringApplication.run(SpringApplication.java:1186)
rhythm-ms    | 	at org.springframework.boot.SpringApplication.run(SpringApplication.java:1175)
rhythm-ms    | 	at org.apache.fineract.cn.rhythm.service.RhythmApplication.main(RhythmApplication.java:34)
rhythm-ms    | 	at sun.reflect.NativeMethodAccessorImpl.invoke0(Native Method)
rhythm-ms    | 	at sun.reflect.NativeMethodAccessorImpl.invoke(NativeMethodAccessorImpl.java:62)
rhythm-ms    | 	at sun.reflect.DelegatingMethodAccessorImpl.invoke(DelegatingMethodAccessorImpl.java:43)
rhythm-ms    | 	at java.lang.reflect.Method.invoke(Method.java:498)
rhythm-ms    | 	at org.springframework.boot.loader.MainMethodRunner.run(MainMethodRunner.java:48)
rhythm-ms    | 	at org.springframework.boot.loader.Launcher.launch(Launcher.java:87)
rhythm-ms    | 	at org.springframework.boot.loader.Launcher.launch(Launcher.java:50)
rhythm-ms    | 	at org.springframework.boot.loader.JarLauncher.main(JarLauncher.java:58)
rhythm-ms    | 22:52:21.853 [main] INFO  c.d.d.c.p.DCAwareRoundRobinPolicy - Using data-center name 'datacenter1' for DCAwareRoundRobinPolicy (if this is incorrect, please provide the correct datacenter name with DCAwareRoundRobinPolicy constructor)
rhythm-ms    | 22:52:21.855 [main] INFO  com.datastax.driver.core.Cluster - New Cassandra host /172.16.238.5:9042 added
rhythm-ms    | 22:52:22.549 [main] INFO  o.s.o.j.LocalContainerEntityManagerFactoryBean - Building JPA container EntityManagerFactory for persistence unit 'metaPU'
rhythm-ms    | 22:52:22.605 [main] INFO  o.h.jpa.internal.util.LogHelper - HHH000204: Processing PersistenceUnitInfo [
rhythm-ms    | 	name: metaPU
rhythm-ms    | 	...]
rhythm-ms    | 22:52:22.894 [main] INFO  org.hibernate.Version - HHH000412: Hibernate Core {5.0.11.Final}
rhythm-ms    | 22:52:22.898 [main] INFO  org.hibernate.cfg.Environment - HHH000206: hibernate.properties not found
rhythm-ms    | 22:52:22.901 [main] INFO  org.hibernate.cfg.Environment - HHH000021: Bytecode provider name : javassist
rhythm-ms    | 22:52:23.022 [main] INFO  o.h.annotations.common.Version - HCANN000001: Hibernate Commons Annotations {5.0.1.Final}
rhythm-ms    | 22:52:24.111 [main] WARN  com.jolbox.bonecp.BoneCPConfig - JDBC username not set in driver properties, copying it from pool config
rhythm-ms    | 22:52:24.111 [main] WARN  com.jolbox.bonecp.BoneCPConfig - JDBC password not set in driver properties, copying it from pool config
rhythm-ms    | 22:52:24.466 [main] INFO  org.hibernate.dialect.Dialect - HHH000400: Using dialect: org.hibernate.dialect.MySQLDialect
rhythm-ms    | 22:52:25.702 [main] INFO  o.s.o.j.LocalContainerEntityManagerFactoryBean - Initialized JPA EntityManagerFactory for persistence unit 'metaPU'
rhythm-ms    | 22:52:26.702 [main] INFO  o.s.w.s.m.m.a.RequestMappingHandlerMapping - Mapped "{[/clockoffset],methods=[PUT],consumes=[application/json],produces=[application/json]}" onto public org.springframework.http.ResponseEntity<java.lang.Void> org.apache.fineract.cn.rhythm.service.rest.ClockOffsetRestController.setClockOffset(java.lang.String,org.apache.fineract.cn.rhythm.api.v1.domain.ClockOffset) throws java.lang.InterruptedException
rhythm-ms    | 22:52:26.704 [main] INFO  o.s.w.s.m.m.a.RequestMappingHandlerMapping - Mapped "{[/clockoffset],methods=[GET],consumes=[*/*],produces=[application/json]}" onto public org.springframework.http.ResponseEntity<org.apache.fineract.cn.rhythm.api.v1.domain.ClockOffset> org.apache.fineract.cn.rhythm.service.rest.ClockOffsetRestController.getClockOffset(java.lang.String)
rhythm-ms    | 22:52:26.706 [main] INFO  o.s.w.s.m.m.a.RequestMappingHandlerMapping - Mapped "{[/initialize],methods=[POST],consumes=[*/*],produces=[application/json]}" onto public org.springframework.http.ResponseEntity<java.lang.Void> org.apache.fineract.cn.rhythm.service.rest.InitializeRestController.initialize() throws java.lang.InterruptedException
rhythm-ms    | 22:52:26.710 [main] INFO  o.s.w.s.m.m.a.RequestMappingHandlerMapping - Mapped "{[/applications/{applicationidentifier}],methods=[DELETE],consumes=[*/*],produces=[*/*]}" onto public org.springframework.http.ResponseEntity<java.lang.Void> org.apache.fineract.cn.rhythm.service.rest.ApplicationRestController.deleteApplication(java.lang.String,java.lang.String) throws java.lang.InterruptedException
rhythm-ms    | 22:52:26.718 [main] INFO  o.s.w.s.m.m.a.RequestMappingHandlerMapping - Mapped "{[/applications/{applicationidentifier}/beats],methods=[GET],consumes=[*/*],produces=[application/json]}" onto public java.util.List<org.apache.fineract.cn.rhythm.api.v1.domain.Beat> org.apache.fineract.cn.rhythm.service.rest.BeatRestController.getAllBeatsForApplication(java.lang.String,java.lang.String)
rhythm-ms    | 22:52:26.721 [main] INFO  o.s.w.s.m.m.a.RequestMappingHandlerMapping - Mapped "{[/applications/{applicationidentifier}/beats],methods=[POST],consumes=[application/json],produces=[application/json]}" onto public org.springframework.http.ResponseEntity<java.lang.Void> org.apache.fineract.cn.rhythm.service.rest.BeatRestController.createBeat(java.lang.String,java.lang.String,org.apache.fineract.cn.rhythm.api.v1.domain.Beat) throws java.lang.InterruptedException
rhythm-ms    | 22:52:26.725 [main] INFO  o.s.w.s.m.m.a.RequestMappingHandlerMapping - Mapped "{[/applications/{applicationidentifier}/beats/{beatidentifier}],methods=[DELETE],consumes=[*/*],produces=[*/*]}" onto public org.springframework.http.ResponseEntity<java.lang.Void> org.apache.fineract.cn.rhythm.service.rest.BeatRestController.deleteBeat(java.lang.String,java.lang.String,java.lang.String) throws java.lang.InterruptedException
rhythm-ms    | 22:52:26.726 [main] INFO  o.s.w.s.m.m.a.RequestMappingHandlerMapping - Mapped "{[/applications/{applicationidentifier}/beats/{beatidentifier}],methods=[GET],consumes=[*/*],produces=[application/json]}" onto public org.springframework.http.ResponseEntity<org.apache.fineract.cn.rhythm.api.v1.domain.Beat> org.apache.fineract.cn.rhythm.service.rest.BeatRestController.getBeat(java.lang.String,java.lang.String,java.lang.String)
rhythm-ms    | 22:52:26.732 [main] INFO  o.s.w.s.m.m.a.RequestMappingHandlerMapping - Mapped "{[/signatures/{timestamp}],methods=[POST],consumes=[*/*],produces=[application/json]}" onto public org.springframework.http.ResponseEntity<org.apache.fineract.cn.anubis.api.v1.domain.ApplicationSignatureSet> org.apache.fineract.cn.anubis.controller.SignatureCreatorRestController.createSignatureSet(java.lang.String,org.apache.fineract.cn.anubis.api.v1.domain.Signature)
rhythm-ms    | 22:52:26.733 [main] INFO  o.s.w.s.m.m.a.RequestMappingHandlerMapping - Mapped "{[/permittables],methods=[GET],consumes=[*/*],produces=[application/json]}" onto public org.springframework.http.ResponseEntity<java.util.List<org.apache.fineract.cn.anubis.api.v1.domain.PermittableEndpoint>> org.apache.fineract.cn.anubis.controller.PermittableRestController.fetchPermittableEndpoints()
rhythm-ms    | 22:52:26.753 [main] INFO  o.s.w.s.m.m.a.RequestMappingHandlerMapping - Mapped "{[/signatures],methods=[GET],consumes=[*/*],produces=[application/json]}" onto public org.springframework.http.ResponseEntity<java.util.List<java.lang.String>> org.apache.fineract.cn.anubis.controller.SignatureRestController.getAllSignatureSets()
rhythm-ms    | 22:52:26.754 [main] INFO  o.s.w.s.m.m.a.RequestMappingHandlerMapping - Mapped "{[/signatures/{timestamp}],methods=[GET],consumes=[*/*],produces=[application/json]}" onto public org.springframework.http.ResponseEntity<org.apache.fineract.cn.anubis.api.v1.domain.ApplicationSignatureSet> org.apache.fineract.cn.anubis.controller.SignatureRestController.getSignatureSet(java.lang.String)
rhythm-ms    | 22:52:26.756 [main] INFO  o.s.w.s.m.m.a.RequestMappingHandlerMapping - Mapped "{[/signatures/_latest],methods=[GET],consumes=[*/*],produces=[application/json]}" onto public org.springframework.http.ResponseEntity<org.apache.fineract.cn.anubis.api.v1.domain.ApplicationSignatureSet> org.apache.fineract.cn.anubis.controller.SignatureRestController.getLatestSignatureSet()
rhythm-ms    | 22:52:26.758 [main] INFO  o.s.w.s.m.m.a.RequestMappingHandlerMapping - Mapped "{[/signatures/{timestamp}],methods=[DELETE],consumes=[*/*],produces=[application/json]}" onto public org.springframework.http.ResponseEntity<java.lang.Void> org.apache.fineract.cn.anubis.controller.SignatureRestController.deleteSignatureSet(java.lang.String)
rhythm-ms    | 22:52:26.759 [main] INFO  o.s.w.s.m.m.a.RequestMappingHandlerMapping - Mapped "{[/signatures/{timestamp}/application],methods=[GET],consumes=[*/*],produces=[application/json]}" onto public org.springframework.http.ResponseEntity<org.apache.fineract.cn.anubis.api.v1.domain.Signature> org.apache.fineract.cn.anubis.controller.SignatureRestController.getApplicationSignature(java.lang.String)
rhythm-ms    | 22:52:26.760 [main] INFO  o.s.w.s.m.m.a.RequestMappingHandlerMapping - Mapped "{[/signatures/_latest/application],methods=[GET],consumes=[*/*],produces=[application/json]}" onto public org.springframework.http.ResponseEntity<org.apache.fineract.cn.anubis.api.v1.domain.Signature> org.apache.fineract.cn.anubis.controller.SignatureRestController.getLatestApplicationSignature()
rhythm-ms    | 22:52:26.767 [main] INFO  o.s.w.s.m.m.a.RequestMappingHandlerMapping - Mapped "{[/requiredpermissions],methods=[GET],consumes=[*/*],produces=[application/json]}" onto public org.springframework.http.ResponseEntity<java.util.List<org.apache.finearct.cn.permittedfeignclient.api.v1.domain.ApplicationPermission>> org.apache.fineract.cn.permittedfeignclient.controller.ApplicationPermissionRequirementsRestController.getRequiredPermissions()
rhythm-ms    | 22:52:26.772 [main] INFO  o.s.w.s.m.m.a.RequestMappingHandlerMapping - Mapped "{[/error],produces=[text/html]}" onto public org.springframework.web.servlet.ModelAndView org.springframework.boot.autoconfigure.web.BasicErrorController.errorHtml(javax.servlet.http.HttpServletRequest,javax.servlet.http.HttpServletResponse)
rhythm-ms    | 22:52:26.773 [main] INFO  o.s.w.s.m.m.a.RequestMappingHandlerMapping - Mapped "{[/error]}" onto public org.springframework.http.ResponseEntity<java.util.Map<java.lang.String, java.lang.Object>> org.springframework.boot.autoconfigure.web.BasicErrorController.error(javax.servlet.http.HttpServletRequest)
rhythm-ms    | 22:52:29.531 [main] INFO  o.s.b.a.e.mvc.EndpointHandlerMapping - Mapped "{[/info || /info.json],methods=[GET],produces=[application/json]}" onto public java.lang.Object org.springframework.boot.actuate.endpoint.mvc.EndpointMvcAdapter.invoke()
rhythm-ms    | 22:52:29.532 [main] INFO  o.s.b.a.e.mvc.EndpointHandlerMapping - Mapped "{[/configprops || /configprops.json],methods=[GET],produces=[application/json]}" onto public java.lang.Object org.springframework.boot.actuate.endpoint.mvc.EndpointMvcAdapter.invoke()
rhythm-ms    | 22:52:29.534 [main] INFO  o.s.b.a.e.mvc.EndpointHandlerMapping - Mapped "{[/dump || /dump.json],methods=[GET],produces=[application/json]}" onto public java.lang.Object org.springframework.boot.actuate.endpoint.mvc.EndpointMvcAdapter.invoke()
rhythm-ms    | 22:52:29.535 [main] INFO  o.s.b.a.e.mvc.EndpointHandlerMapping - Mapped "{[/archaius || /archaius.json],methods=[GET],produces=[application/json]}" onto public java.lang.Object org.springframework.boot.actuate.endpoint.mvc.EndpointMvcAdapter.invoke()
rhythm-ms    | 22:52:29.536 [main] INFO  o.s.b.a.e.mvc.EndpointHandlerMapping - Mapped "{[/restart || /restart.json],methods=[POST]}" onto public java.lang.Object org.springframework.cloud.context.restart.RestartMvcEndpoint.invoke()
rhythm-ms    | 22:52:29.538 [main] INFO  o.s.b.a.e.mvc.EndpointHandlerMapping - Mapped "{[/health || /health.json],produces=[application/json]}" onto public java.lang.Object org.springframework.boot.actuate.endpoint.mvc.HealthMvcEndpoint.invoke(java.security.Principal)
rhythm-ms    | 22:52:29.539 [main] INFO  o.s.b.a.e.mvc.EndpointHandlerMapping - Mapped "{[/autoconfig || /autoconfig.json],methods=[GET],produces=[application/json]}" onto public java.lang.Object org.springframework.boot.actuate.endpoint.mvc.EndpointMvcAdapter.invoke()
rhythm-ms    | 22:52:29.540 [main] INFO  o.s.b.a.e.mvc.EndpointHandlerMapping - Mapped "{[/resume || /resume.json],methods=[POST]}" onto public java.lang.Object org.springframework.cloud.endpoint.GenericPostableMvcEndpoint.invoke()
rhythm-ms    | 22:52:29.541 [main] INFO  o.s.b.a.e.mvc.EndpointHandlerMapping - Mapped "{[/trace || /trace.json],methods=[GET],produces=[application/json]}" onto public java.lang.Object org.springframework.boot.actuate.endpoint.mvc.EndpointMvcAdapter.invoke()
rhythm-ms    | 22:52:29.543 [main] INFO  o.s.b.a.e.mvc.EndpointHandlerMapping - Mapped "{[/features || /features.json],methods=[GET],produces=[application/json]}" onto public java.lang.Object org.springframework.boot.actuate.endpoint.mvc.EndpointMvcAdapter.invoke()
rhythm-ms    | 22:52:29.547 [main] INFO  o.s.b.a.e.mvc.EndpointHandlerMapping - Mapped "{[/mappings || /mappings.json],methods=[GET],produces=[application/json]}" onto public java.lang.Object org.springframework.boot.actuate.endpoint.mvc.EndpointMvcAdapter.invoke()
rhythm-ms    | 22:52:29.550 [main] INFO  o.s.b.a.e.mvc.EndpointHandlerMapping - Mapped "{[/env/{name:.*}],methods=[GET],produces=[application/json]}" onto public java.lang.Object org.springframework.boot.actuate.endpoint.mvc.EnvironmentMvcEndpoint.value(java.lang.String)
rhythm-ms    | 22:52:29.550 [main] INFO  o.s.b.a.e.mvc.EndpointHandlerMapping - Mapped "{[/env || /env.json],methods=[GET],produces=[application/json]}" onto public java.lang.Object org.springframework.boot.actuate.endpoint.mvc.EndpointMvcAdapter.invoke()
rhythm-ms    | 22:52:29.552 [main] INFO  o.s.b.a.e.mvc.EndpointHandlerMapping - Mapped "{[/beans || /beans.json],methods=[GET],produces=[application/json]}" onto public java.lang.Object org.springframework.boot.actuate.endpoint.mvc.EndpointMvcAdapter.invoke()
rhythm-ms    | 22:52:29.554 [main] INFO  o.s.b.a.e.mvc.EndpointHandlerMapping - Mapped "{[/heapdump || /heapdump.json],methods=[GET],produces=[application/octet-stream]}" onto public void org.springframework.boot.actuate.endpoint.mvc.HeapdumpMvcEndpoint.invoke(boolean,javax.servlet.http.HttpServletRequest,javax.servlet.http.HttpServletResponse) throws java.io.IOException,javax.servlet.ServletException
rhythm-ms    | 22:52:29.556 [main] INFO  o.s.b.a.e.mvc.EndpointHandlerMapping - Mapped "{[/metrics/{name:.*}],methods=[GET],produces=[application/json]}" onto public java.lang.Object org.springframework.boot.actuate.endpoint.mvc.MetricsMvcEndpoint.value(java.lang.String)
rhythm-ms    | 22:52:29.556 [main] INFO  o.s.b.a.e.mvc.EndpointHandlerMapping - Mapped "{[/metrics || /metrics.json],methods=[GET],produces=[application/json]}" onto public java.lang.Object org.springframework.boot.actuate.endpoint.mvc.EndpointMvcAdapter.invoke()
rhythm-ms    | 22:52:29.557 [main] INFO  o.s.b.a.e.mvc.EndpointHandlerMapping - Mapped "{[/pause || /pause.json],methods=[POST]}" onto public java.lang.Object org.springframework.cloud.endpoint.GenericPostableMvcEndpoint.invoke()
rhythm-ms    | 22:52:29.558 [main] INFO  o.s.b.a.e.mvc.EndpointHandlerMapping - Mapped "{[/refresh || /refresh.json],methods=[POST]}" onto public java.lang.Object org.springframework.cloud.endpoint.GenericPostableMvcEndpoint.invoke()
rhythm-ms    | 22:52:29.559 [main] INFO  o.s.b.a.e.mvc.EndpointHandlerMapping - Mapped "{[/env],methods=[POST]}" onto public java.lang.Object org.springframework.cloud.context.environment.EnvironmentManagerMvcEndpoint.value(java.util.Map<java.lang.String, java.lang.String>)
rhythm-ms    | 22:52:29.560 [main] INFO  o.s.b.a.e.mvc.EndpointHandlerMapping - Mapped "{[/env/reset],methods=[POST]}" onto public java.util.Map<java.lang.String, java.lang.Object> org.springframework.cloud.context.environment.EnvironmentManagerMvcEndpoint.reset()
rhythm-ms    | 22:52:30.349 [main] INFO  o.s.s.web.DefaultSecurityFilterChain - Creating filter chain: OrRequestMatcher [requestMatchers=[Ant [pattern='/css/**'], Ant [pattern='/js/**'], Ant [pattern='/images/**'], Ant [pattern='/webjars/**'], Ant [pattern='/**/favicon.ico'], Ant [pattern='/error']]], []
rhythm-ms    | 22:52:30.560 [main] INFO  o.s.s.web.DefaultSecurityFilterChain - Creating filter chain: org.springframework.security.web.util.matcher.AnyRequestMatcher@1, [org.springframework.security.web.context.request.async.WebAsyncManagerIntegrationFilter@41f3aaf1, org.springframework.security.web.context.SecurityContextPersistenceFilter@74667e6a, org.springframework.security.web.header.HeaderWriterFilter@1578b8ec, org.apache.fineract.cn.anubis.filter.IsisAuthenticatedProcessingFilter@741741d0, org.springframework.security.web.savedrequest.RequestCacheAwareFilter@364b1061, org.springframework.security.web.servletapi.SecurityContextHolderAwareRequestFilter@172f4514, org.springframework.security.web.authentication.AnonymousAuthenticationFilter@5f9f3e58, org.springframework.security.web.session.SessionManagementFilter@c1e14f, org.springframework.security.web.access.ExceptionTranslationFilter@88b76f2, org.springframework.security.web.access.intercept.FilterSecurityInterceptor@2c30c81d]
rhythm-ms    | 22:52:30.709 [main] INFO  o.s.s.web.DefaultSecurityFilterChain - Creating filter chain: org.springframework.boot.actuate.autoconfigure.ManagementWebSecurityAutoConfiguration$LazyEndpointPathRequestMatcher@71560f51, [org.springframework.security.web.context.request.async.WebAsyncManagerIntegrationFilter@3e1f1046, org.springframework.security.web.context.SecurityContextPersistenceFilter@59303963, org.springframework.security.web.header.HeaderWriterFilter@b6bccb4, org.springframework.security.web.authentication.logout.LogoutFilter@1320e68a, org.springframework.security.web.authentication.www.BasicAuthenticationFilter@353f472a, org.springframework.security.web.savedrequest.RequestCacheAwareFilter@61e86192, org.springframework.security.web.servletapi.SecurityContextHolderAwareRequestFilter@34330f77, org.springframework.security.web.authentication.AnonymousAuthenticationFilter@23e3f5cd, org.springframework.security.web.session.SessionManagementFilter@49edcb30, org.springframework.security.web.access.ExceptionTranslationFilter@647b9364, org.springframework.security.web.access.intercept.FilterSecurityInterceptor@32256e68]
rhythm-ms    | 22:52:31.330 [main] INFO  o.s.b.w.s.FilterRegistrationBean - Mapping filter: 'tenantHeaderFilter' to urls: [/*]
rhythm-ms    | 22:52:31.333 [main] INFO  o.s.b.w.s.FilterRegistrationBean - Mapping filter: 'metricsFilter' to: [/*]
rhythm-ms    | 22:52:31.333 [main] INFO  o.s.b.w.s.FilterRegistrationBean - Mapping filter: 'characterEncodingFilter' to: [/*]
rhythm-ms    | 22:52:31.334 [main] INFO  o.s.b.w.s.FilterRegistrationBean - Mapping filter: 'springSecurityFilterChain' to: [/*]
rhythm-ms    | 22:52:31.334 [main] INFO  o.s.b.w.s.FilterRegistrationBean - Mapping filter: 'userContextFilter' to urls: [*]
rhythm-ms    | 22:52:31.335 [main] INFO  o.s.b.w.s.FilterRegistrationBean - Mapping filter: 'hiddenHttpMethodFilter' to: [/*]
rhythm-ms    | 22:52:31.336 [main] INFO  o.s.b.w.s.FilterRegistrationBean - Mapping filter: 'httpPutFormContentFilter' to: [/*]
rhythm-ms    | 22:52:31.370 [main] INFO  o.s.b.w.s.FilterRegistrationBean - Mapping filter: 'requestContextFilter' to: [/*]
rhythm-ms    | 22:52:31.373 [main] INFO  o.s.b.w.s.DelegatingFilterProxyRegistrationBean - Filter springSecurityFilterChain was not registered (possibly already registered?)
rhythm-ms    | 22:52:31.374 [main] INFO  o.s.b.w.s.FilterRegistrationBean - Mapping filter: 'webRequestLoggingFilter' to: [/*]
rhythm-ms    | 22:52:31.374 [main] INFO  o.s.b.w.s.FilterRegistrationBean - Mapping filter: 'serviceExceptionFilter' to urls: [/*]
rhythm-ms    | 22:52:31.375 [main] INFO  o.s.b.w.s.FilterRegistrationBean - Mapping filter: 'applicationContextIdFilter' to: [/*]
rhythm-ms    | 22:52:31.375 [main] INFO  o.s.b.w.s.ServletRegistrationBean - Mapping servlet: 'dispatcherServlet' to [/]
rhythm-ms    | 22:52:32.543 [main] INFO  o.e.j.server.handler.ContextHandler - Started o.s.b.c.e.j.JettyEmbeddedWebAppContext@209f3887{/rhythm-v1,file:///tmp/jetty-docbase.5819012124402583229.2022/,AVAILABLE}
rhythm-ms    | 22:52:32.543 [main] INFO  org.eclipse.jetty.server.Server - Started @29726ms
rhythm-ms    | 22:52:32.873 [main] INFO  o.s.c.a.AnnotationConfigApplicationContext - Refreshing org.springframework.context.annotation.AnnotationConfigApplicationContext@4fb64e14: startup date [Mon Oct 08 22:52:32 GMT 2018]; parent: org.springframework.boot.context.embedded.AnnotationConfigEmbeddedWebApplicationContext@262b2c86
rhythm-ms    | 22:52:32.902 [main] INFO  o.s.b.f.s.DefaultListableBeanFactory - Overriding bean definition for bean 'feignConversionService' with a different definition: replacing [Root bean: class [null]; scope=; abstract=false; lazyInit=false; autowireMode=3; dependencyCheck=0; autowireCandidate=true; primary=false; factoryBeanName=permittedFeignClientsConfiguration; factoryMethodName=feignConversionService; initMethodName=null; destroyMethodName=(inferred); defined in org.apache.fineract.cn.permittedfeignclient.annotation.PermittedFeignClientsConfiguration] with [Root bean: class [null]; scope=; abstract=false; lazyInit=false; autowireMode=3; dependencyCheck=0; autowireCandidate=true; primary=false; factoryBeanName=feignClientsConfiguration; factoryMethodName=feignConversionService; initMethodName=null; destroyMethodName=(inferred); defined in org.springframework.cloud.netflix.feign.FeignClientsConfiguration]
rhythm-ms    | 22:52:32.917 [main] INFO  o.s.b.f.a.AutowiredAnnotationBeanPostProcessor - JSR-330 'javax.inject.Inject' annotation found and supported for autowiring
rhythm-ms    | 22:52:33.874 [main] INFO  o.s.w.s.m.m.a.RequestMappingHandlerAdapter - Looking for @ControllerAdvice: org.springframework.boot.context.embedded.AnnotationConfigEmbeddedWebApplicationContext@262b2c86: startup date [Mon Oct 08 22:52:10 GMT 2018]; parent: org.springframework.context.annotation.AnnotationConfigApplicationContext@7dc5e7b4
rhythm-ms    | 22:52:34.012 [main] INFO  o.s.w.s.h.SimpleUrlHandlerMapping - Mapped URL path [/webjars/**] onto handler of type [class org.springframework.web.servlet.resource.ResourceHttpRequestHandler]
rhythm-ms    | 22:52:34.012 [main] INFO  o.s.w.s.h.SimpleUrlHandlerMapping - Mapped URL path [/**] onto handler of type [class org.springframework.web.servlet.resource.ResourceHttpRequestHandler]
rhythm-ms    | 22:52:34.127 [main] INFO  o.s.w.s.h.SimpleUrlHandlerMapping - Mapped URL path [/**/favicon.ico] onto handler of type [class org.springframework.web.servlet.resource.ResourceHttpRequestHandler]
rhythm-ms    | 22:52:34.462 [main] INFO  c.datastax.driver.core.ClockFactory - Using native clock to generate timestamps.
rhythm-ms    | 22:52:35.082 [main] WARN  c.n.c.sources.URLConfigurationSource - No URLs will be polled as dynamic configuration sources.
rhythm-ms    | 22:52:35.082 [main] INFO  c.n.c.sources.URLConfigurationSource - To enable URLs as dynamic configuration sources, define System property archaius.configurationSource.additionalUrls or make config.properties available on classpath.
rhythm-ms    | 22:52:35.095 [main] WARN  c.n.c.sources.URLConfigurationSource - No URLs will be polled as dynamic configuration sources.
rhythm-ms    | 22:52:35.095 [main] INFO  c.n.c.sources.URLConfigurationSource - To enable URLs as dynamic configuration sources, define System property archaius.configurationSource.additionalUrls or make config.properties available on classpath.
rhythm-ms    | 22:52:35.273 [main] INFO  o.s.j.e.a.AnnotationMBeanExporter - Registering beans for JMX exposure on startup
rhythm-ms    | 22:52:35.275 [main] INFO  o.s.j.e.a.AnnotationMBeanExporter - Bean with name 'dataSource' has been autodetected for JMX exposure
rhythm-ms    | 22:52:35.291 [main] INFO  o.s.j.e.a.AnnotationMBeanExporter - Bean with name 'refreshScope' has been autodetected for JMX exposure
rhythm-ms    | 22:52:35.292 [main] INFO  o.s.j.e.a.AnnotationMBeanExporter - Bean with name 'environmentManager' has been autodetected for JMX exposure
rhythm-ms    | 22:52:35.295 [main] INFO  o.s.j.e.a.AnnotationMBeanExporter - Bean with name 'configurationPropertiesRebinder' has been autodetected for JMX exposure
rhythm-ms    | 22:52:35.296 [main] INFO  o.s.j.e.a.AnnotationMBeanExporter - Bean with name 'refreshEndpoint' has been autodetected for JMX exposure
rhythm-ms    | 22:52:35.298 [main] INFO  o.s.j.e.a.AnnotationMBeanExporter - Bean with name 'restartEndpoint' has been autodetected for JMX exposure
rhythm-ms    | 22:52:35.304 [main] INFO  o.s.j.e.a.AnnotationMBeanExporter - Located managed bean 'environmentManager': registering with JMX server as MBean [org.springframework.cloud.context.environment:name=environmentManager,type=EnvironmentManager]
rhythm-ms    | 22:52:35.383 [main] INFO  o.s.j.e.a.AnnotationMBeanExporter - Located managed bean 'restartEndpoint': registering with JMX server as MBean [org.springframework.cloud.context.restart:name=restartEndpoint,type=RestartEndpoint]
rhythm-ms    | 22:52:35.420 [main] INFO  o.s.j.e.a.AnnotationMBeanExporter - Located managed bean 'refreshScope': registering with JMX server as MBean [org.springframework.cloud.context.scope.refresh:name=refreshScope,type=RefreshScope]
rhythm-ms    | 22:52:35.456 [main] INFO  o.s.j.e.a.AnnotationMBeanExporter - Located managed bean 'configurationPropertiesRebinder': registering with JMX server as MBean [org.springframework.cloud.context.properties:name=configurationPropertiesRebinder,context=262b2c86,type=ConfigurationPropertiesRebinder]
rhythm-ms    | 22:52:35.476 [main] INFO  o.s.j.e.a.AnnotationMBeanExporter - Located MBean 'dataSource': registering with JMX server as MBean [com.jolbox.bonecp:name=dataSource,type=BoneCPDataSource]
rhythm-ms    | 22:52:35.478 [main] INFO  o.s.j.e.a.AnnotationMBeanExporter - Located managed bean 'refreshEndpoint': registering with JMX server as MBean [org.springframework.cloud.endpoint:name=refreshEndpoint,type=RefreshEndpoint]
rhythm-ms    | 22:52:35.485 [main] INFO  o.s.b.a.e.jmx.EndpointMBeanExporter - Registering beans for JMX exposure on startup
rhythm-ms    | 22:52:36.359 [main] INFO  o.s.c.s.DefaultLifecycleProcessor - Starting beans in phase 0
rhythm-ms    | 22:52:36.381 [main] INFO  o.s.c.n.eureka.InstanceInfoFactory - Setting initial instance status as: STARTING
rhythm-ms    | 22:52:36.654 [main] INFO  c.n.d.p.DiscoveryJerseyProvider - Using JSON encoding codec LegacyJacksonJson
rhythm-ms    | 22:52:36.654 [main] INFO  c.n.d.p.DiscoveryJerseyProvider - Using JSON decoding codec LegacyJacksonJson
rhythm-ms    | 22:52:36.996 [main] INFO  c.n.d.p.DiscoveryJerseyProvider - Using XML encoding codec XStreamXml
rhythm-ms    | 22:52:36.996 [main] INFO  c.n.d.p.DiscoveryJerseyProvider - Using XML decoding codec XStreamXml
rhythm-ms    | 22:52:37.611 [main] INFO  c.n.d.s.r.aws.ConfigClusterResolver - Resolving eureka endpoints via configuration
rhythm-ms    | 22:52:37.689 [main] INFO  c.netflix.discovery.DiscoveryClient - Disable delta property : false
rhythm-ms    | 22:52:37.691 [main] INFO  c.netflix.discovery.DiscoveryClient - Single vip registry refresh property : null
rhythm-ms    | 22:52:37.691 [main] INFO  c.netflix.discovery.DiscoveryClient - Force full registry fetch : false
rhythm-ms    | 22:52:37.692 [main] INFO  c.netflix.discovery.DiscoveryClient - Application is null : false
rhythm-ms    | 22:52:37.692 [main] INFO  c.netflix.discovery.DiscoveryClient - Registered Applications size is zero : true
rhythm-ms    | 22:52:37.693 [main] INFO  c.netflix.discovery.DiscoveryClient - Application version is -1: true
rhythm-ms    | 22:52:37.693 [main] INFO  c.netflix.discovery.DiscoveryClient - Getting all instance registry info from the eureka server
rhythm-ms    | 22:52:38.259 [main] INFO  c.netflix.discovery.DiscoveryClient - The response status is 200
rhythm-ms    | 22:52:38.262 [main] INFO  c.netflix.discovery.DiscoveryClient - Starting heartbeat executor: renew interval is: 1
rhythm-ms    | 22:52:38.267 [main] INFO  c.n.discovery.InstanceInfoReplicator - InstanceInfoReplicator onDemand update allowed rate per min is 120
rhythm-ms    | 22:52:38.271 [main] INFO  c.netflix.discovery.DiscoveryClient - Discovery Client initialized at timestamp 1539039158271 with initial instances count: 1
rhythm-ms    | 22:52:38.351 [main] INFO  o.s.c.n.e.EurekaDiscoveryClientConfiguration - Registering application rhythm-v1 with eureka with status UP
rhythm-ms    | 22:52:38.353 [main] INFO  c.netflix.discovery.DiscoveryClient - Saw local status change event StatusChangeEvent [timestamp=1539039158353, current=UP, previous=STARTING]
rhythm-ms    | 22:52:38.364 [DiscoveryClient-InstanceInfoReplicator-0] INFO  c.netflix.discovery.DiscoveryClient - DiscoveryClient_RHYTHM-V1/33dd0ba5c517:rhythm-v1:2022: registering service...
rhythm-ms    | 22:52:38.404 [main] INFO  o.s.b.a.e.jmx.EndpointMBeanExporter - Located managed bean 'featuresEndpoint': registering with JMX server as MBean [org.springframework.boot:type=Endpoint,name=featuresEndpoint]
rhythm-ms    | 22:52:38.434 [main] INFO  o.s.b.a.e.jmx.EndpointMBeanExporter - Located managed bean 'requestMappingEndpoint': registering with JMX server as MBean [org.springframework.boot:type=Endpoint,name=requestMappingEndpoint]
rhythm-ms    | 22:52:38.439 [main] INFO  o.s.b.a.e.jmx.EndpointMBeanExporter - Located managed bean 'environmentEndpoint': registering with JMX server as MBean [org.springframework.boot:type=Endpoint,name=environmentEndpoint]
rhythm-ms    | 22:52:38.445 [main] INFO  o.s.b.a.e.jmx.EndpointMBeanExporter - Located managed bean 'healthEndpoint': registering with JMX server as MBean [org.springframework.boot:type=Endpoint,name=healthEndpoint]
rhythm-ms    | 22:52:38.458 [main] INFO  o.s.b.a.e.jmx.EndpointMBeanExporter - Located managed bean 'beansEndpoint': registering with JMX server as MBean [org.springframework.boot:type=Endpoint,name=beansEndpoint]
rhythm-ms    | 22:52:38.464 [main] INFO  o.s.b.a.e.jmx.EndpointMBeanExporter - Located managed bean 'infoEndpoint': registering with JMX server as MBean [org.springframework.boot:type=Endpoint,name=infoEndpoint]
rhythm-ms    | 22:52:38.469 [main] INFO  o.s.b.a.e.jmx.EndpointMBeanExporter - Located managed bean 'metricsEndpoint': registering with JMX server as MBean [org.springframework.boot:type=Endpoint,name=metricsEndpoint]
rhythm-ms    | 22:52:38.475 [main] INFO  o.s.b.a.e.jmx.EndpointMBeanExporter - Located managed bean 'traceEndpoint': registering with JMX server as MBean [org.springframework.boot:type=Endpoint,name=traceEndpoint]
rhythm-ms    | 22:52:38.482 [main] INFO  o.s.b.a.e.jmx.EndpointMBeanExporter - Located managed bean 'dumpEndpoint': registering with JMX server as MBean [org.springframework.boot:type=Endpoint,name=dumpEndpoint]
rhythm-ms    | 22:52:38.489 [main] INFO  o.s.b.a.e.jmx.EndpointMBeanExporter - Located managed bean 'autoConfigurationReportEndpoint': registering with JMX server as MBean [org.springframework.boot:type=Endpoint,name=autoConfigurationReportEndpoint]
rhythm-ms    | 22:52:38.496 [main] INFO  o.s.b.a.e.jmx.EndpointMBeanExporter - Located managed bean 'configurationPropertiesReportEndpoint': registering with JMX server as MBean [org.springframework.boot:type=Endpoint,name=configurationPropertiesReportEndpoint]
rhythm-ms    | 22:52:38.504 [main] INFO  o.s.b.a.e.jmx.EndpointMBeanExporter - Located managed bean 'archaiusEndpoint': registering with JMX server as MBean [org.springframework.boot:type=Endpoint,name=archaiusEndpoint]
rhythm-ms    | 22:52:38.507 [main] INFO  o.s.c.s.DefaultLifecycleProcessor - Starting beans in phase 2147483647
rhythm-ms    | 22:52:38.552 [main] INFO  o.s.s.a.ScheduledAnnotationBeanPostProcessor - No TaskScheduler/ScheduledExecutorService bean found for scheduled processing
rhythm-ms    | 22:52:38.573 [main] INFO  o.s.web.servlet.DispatcherServlet - FrameworkServlet 'dispatcherServlet': initialization started
rhythm-ms    | 22:52:38.655 [main] INFO  o.s.web.servlet.DispatcherServlet - FrameworkServlet 'dispatcherServlet': initialization completed in 82 ms
rhythm-ms    | 22:52:38.696 [pool-9-thread-1] INFO  o.h.h.i.QueryTranslatorFactoryInitiator - HHH000397: Using ASTQueryTranslatorFactory
rhythm-ms    | 22:52:38.720 [main] INFO  o.e.jetty.server.AbstractConnector - Started ServerConnector@6f16aa91{HTTP/1.1,[http/1.1]}{0.0.0.0:2022}
rhythm-ms    | 22:52:38.728 [main] INFO  o.s.b.c.e.j.JettyEmbeddedServletContainer - Jetty started on port(s) 2022 (http/1.1)
rhythm-ms    | 22:52:38.731 [main] INFO  o.s.c.n.e.EurekaDiscoveryClientConfiguration - Updating port to 2022
rhythm-ms    | 22:52:38.754 [main] INFO  o.a.f.c.r.service.RhythmApplication - Started RhythmApplication in 32.026 seconds (JVM running for 35.938)
rhythm-ms    | 22:52:39.200 [pool-9-thread-1] WARN  o.h.e.jdbc.spi.SqlExceptionHelper - SQL Error: 1146, SQLState: 42S02
rhythm-ms    | 22:52:39.200 [pool-9-thread-1] ERROR o.h.e.jdbc.spi.SqlExceptionHelper - Table 'seshat.khepri_beats' doesn't exist
rhythm-ms    | Query is : select beatentity0_.id as id1_1_, beatentity0_.alignment_hour as alignmen2_1_, beatentity0_.application_identifier as applicat3_1_, beatentity0_.beat_identifier as beat_ide4_1_, beatentity0_.next_beat as next_bea5_1_, beatentity0_.tenant_identifier as tenant_i6_1_ from khepri_beats beatentity0_ where beatentity0_.next_beat<'2018-10-08 22:52:38.644' for update
rhythm-ms    | 22:52:39.216 [pool-9-thread-1] WARN  o.h.e.jdbc.spi.SqlExceptionHelper - SQL Error: 1146, SQLState: 42S02
rhythm-ms    | 22:52:39.217 [pool-9-thread-1] ERROR o.h.e.jdbc.spi.SqlExceptionHelper - Table 'seshat.khepri_beats' doesn't exist
rhythm-ms    | Query is : select beatentity0_.id as id1_1_, beatentity0_.alignment_hour as alignmen2_1_, beatentity0_.application_identifier as applicat3_1_, beatentity0_.beat_identifier as beat_ide4_1_, beatentity0_.next_beat as next_bea5_1_, beatentity0_.tenant_identifier as tenant_i6_1_ from khepri_beats beatentity0_ where beatentity0_.next_beat<'2018-10-08 22:52:39.215' for update
rhythm-ms    | 22:52:39.222 [pool-9-thread-1] WARN  o.h.e.jdbc.spi.SqlExceptionHelper - SQL Error: 1146, SQLState: 42S02
rhythm-ms    | 22:52:39.222 [pool-9-thread-1] ERROR o.h.e.jdbc.spi.SqlExceptionHelper - Table 'seshat.khepri_beats' doesn't exist
rhythm-ms    | Query is : select beatentity0_.id as id1_1_, beatentity0_.alignment_hour as alignmen2_1_, beatentity0_.application_identifier as applicat3_1_, beatentity0_.beat_identifier as beat_ide4_1_, beatentity0_.next_beat as next_bea5_1_, beatentity0_.tenant_identifier as tenant_i6_1_ from khepri_beats beatentity0_ where beatentity0_.next_beat<'2018-10-08 22:52:39.22' for update
